#
# A fatal error has been detected by the Java Runtime Environment:
#
#  SIGSEGV (0xb) at pc=0x00007fdcae5cb98b, pid=25020, tid=140585430415104
#
# JRE version: OpenJDK Runtime Environment (8.0_91-b14) (build 1.8.0_91-8u91-b14-3ubuntu1~15.10.1-b14)
# Java VM: OpenJDK 64-Bit Server VM (25.91-b14 mixed mode linux-amd64 compressed oops)
# Problematic frame:
# V  [libjvm.so+0x91e98b]
#
# Failed to write core dump. Core dumps have been disabled. To enable core dumping, try "ulimit -c unlimited" before starting Java again
#
# If you would like to submit a bug report, please visit:
#   http://bugreport.java.com/bugreport/crash.jsp
#

---------------  T H R E A D  ---------------

Current thread (0x00007fdca801f000):  GCTaskThread [stack: 0x00007fdc9893f000,0x00007fdc98a40000] [id=25024]

siginfo: si_signo: 11 (SIGSEGV), si_code: 1 (SEGV_MAPERR), si_addr: 0x0000000000000008

Registers:
RAX=0x0000000000000000, RBX=0x00000000eca89458, RCX=0x0000000000000000, RDX=0x00007fdcaeb9b840
RSP=0x00007fdc98a3ec90, RBP=0x00007fdc98a3ed10, RSI=0x0000000000000000, RDI=0x00000000ad547140
R8 =0x0000000000000001, R9 =0x000000003f542328, R10=0x000000003f542318, R11=0x00007fdc98540000
R12=0x0000000000000009, R13=0x00007fdca8070b40, R14=0x00000000000000da, R15=0x00000000ad547140
RIP=0x00007fdcae5cb98b, EFLAGS=0x0000000000010246, CSGSFS=0x0000000000000033, ERR=0x0000000000000004
  TRAPNO=0x000000000000000e

Top of Stack: (sp=0x00007fdc98a3ec90)
0x00007fdc98a3ec90:   00007fdc98a3ed10 0000000000000400
0x00007fdc98a3eca0:   00007fdca8070b68 00000000000006d0
0x00007fdc98a3ecb0:   00007fdc000000da 0000000000000601
0x00007fdc98a3ecc0:   00000000ad547140 0000000000000400
0x00007fdc98a3ecd0:   00007fdc98a3ed20 299d558d19c20d00
0x00007fdc98a3ece0:   00007fdca8020228 00007fdca8070b40
0x00007fdc98a3ecf0:   00000000ad49eb5c 00007fdcaeb9b850
0x00007fdc98a3ed00:   0000000000000001 00007fdcaebb9488
0x00007fdc98a3ed10:   00007fdc98a3ed80 00007fdcae5cb048
0x00007fdc98a3ed20:   00007fdc98a3edd0 00007fdca8070ba8
0x00007fdc98a3ed30:   ffff802353f81100 0000000000000080
0x00007fdc98a3ed40:   00007fdcac07f000 0000000000000100
0x00007fdc98a3ed50:   00007fdcac0e4380 0000000000000000
0x00007fdc98a3ed60:   00007fdc791faba0 00007fdcae786ccb
0x00007fdc98a3ed70:   00007fdca8070b40 00007fdcaebb9488
0x00007fdc98a3ed80:   00007fdc98a3ee00 00007fdcae5cf681
0x00007fdc98a3ed90:   00007fdcac0e3601 00007fdcae6b6426
0x00007fdc98a3eda0:   00007fdca8070b40 00007fdc791faba0
0x00007fdc98a3edb0:   00007fdc98a3ee00 00007fdcae51d1cb
0x00007fdc98a3edc0:   00007fdca801e940 299d558d19c20d00
0x00007fdc98a3edd0:   00007fdc98a3ee00 0000000000000001
0x00007fdc98a3ede0:   00007fdc791faba0 00007fdcae786ccb
0x00007fdc98a3edf0:   00007fdca801f000 00007fdcaebb9488
0x00007fdc98a3ee00:   00007fdc98a3ef10 00007fdcae250692
0x00007fdc98a3ee10:   00000000000003d8 00007fdca801fac8
0x00007fdc98a3ee20:   00007fdca801f6f0 00007fdc98a3eea0
0x00007fdc98a3ee30:   00007fdca801f6a0 00007fdca801f6e0
0x00007fdc98a3ee40:   00007fdc98a3ee50 0000000000000000
0x00007fdc98a3ee50:   0000000000000000 00007fdca801f000
0x00007fdc98a3ee60:   00007fdca801f000 00007fdca801fad0
0x00007fdc98a3ee70:   00007fdca801fb10 00007fdca801fb20
0x00007fdc98a3ee80:   00007fdca801fbf8 00000000000000d8 

Instructions: (pc=0x00007fdcae5cb98b)
0x00007fdcae5cb96b:   0f 84 47 02 00 00 48 8d 15 c8 fe 5c 00 41 8b 47
0x00007fdcae5cb97b:   08 8b 4a 08 48 89 c6 48 d3 e6 48 89 f1 48 8b 32
0x00007fdcae5cb98b:   81 7c 0e 08 00 00 00 c0 0f 8d 83 00 00 00 48 8d
0x00007fdcae5cb99b:   0d c0 f7 5b 00 80 39 00 74 77 41 8b 55 60 41 8b 

Register to memory mapping:

RAX=0x0000000000000000 is an unknown value
RBX=0x00000000eca89458 is an oop
[Ljava.lang.Object; 
 - klass: 'java/lang/Object'[]
 - length: 432
RCX=0x0000000000000000 is an unknown value
RDX=0x00007fdcaeb9b840: <offset 0xeee840> in /usr/lib/jvm/java-8-openjdk-amd64/jre/lib/amd64/server/libjvm.so at 0x00007fdcadcad000
RSP=0x00007fdc98a3ec90 is an unknown value
RBP=0x00007fdc98a3ed10 is an unknown value
RSI=0x0000000000000000 is an unknown value
RDI=
[error occurred during error reporting (printing register info), id 0xb]

Stack: [0x00007fdc9893f000,0x00007fdc98a40000],  sp=0x00007fdc98a3ec90,  free space=1023k
Native frames: (J=compiled Java code, j=interpreted, Vv=VM code, C=native code)
V  [libjvm.so+0x91e98b]
V  [libjvm.so+0x91e048]
V  [libjvm.so+0x922681]
V  [libjvm.so+0x5a3692]
V  [libjvm.so+0x8acd92]


---------------  P R O C E S S  ---------------

Java Threads: ( => current thread )
  0x00007fdc5588a800 JavaThread "pool-115-thread-4" [_thread_blocked, id=4062, stack(0x00007fdc59119000,0x00007fdc5921a000)]
  0x00007fdc5592e000 JavaThread "pool-115-thread-3" [_thread_blocked, id=4061, stack(0x00007fdc5a9f8000,0x00007fdc5aaf9000)]
  0x00007fdc54e25800 JavaThread "pool-115-thread-2" [_thread_blocked, id=4060, stack(0x00007fdc53afb000,0x00007fdc53bfc000)]
  0x00007fdc55c84800 JavaThread "pool-116-thread-1" [_thread_blocked, id=4059, stack(0x00007fdc52ced000,0x00007fdc52dee000)]
  0x00007fdc54f4a000 JavaThread "pool-115-thread-1" [_thread_blocked, id=4058, stack(0x00007fdc5affe000,0x00007fdc5b0ff000)]
  0x00007fdc54e33000 JavaThread "process reaper" daemon [_thread_blocked, id=4033, stack(0x00007fdc5af53000,0x00007fdc5af8c000)]
  0x00007fdc57518000 JavaThread "Task worker" [_thread_blocked, id=4020, stack(0x00007fdc5889f000,0x00007fdc589a0000)]
  0x00007fdc54ed9800 JavaThread "Asynchronous log dispatcher for org.gradle.launcher.daemon.server.DefaultDaemonConnection@4d5ac7a1" [_thread_blocked, id=4009, stack(0x00007fdc90e79000,0x00007fdc90f7a000)]
  0x00007fdc60004800 JavaThread "Daemon worker Thread 13" [_thread_blocked, id=4006, stack(0x00007fdc90f7a000,0x00007fdc9107b000)]
  0x00007fdc60007800 JavaThread "Cancel handler" [_thread_blocked, id=4005, stack(0x00007fdc9107b000,0x00007fdc9117c000)]
  0x00007fdc60010000 JavaThread "Handler for socket connection from /127.0.0.1:45181 to /127.0.0.1:41952" [_thread_in_native, id=4004, stack(0x00007fdc9117c000,0x00007fdc9127d000)]
  0x00007fdc6803a800 JavaThread "Daemon Thread 13" [_thread_blocked, id=4003, stack(0x00007fdc9127d000,0x00007fdc9137e000)]
  0x00007fdc54ea5800 JavaThread "pool-10-thread-4" [_thread_blocked, id=1017, stack(0x00007fdc58ede000,0x00007fdc58fdf000)]
  0x00007fdc54dbd800 JavaThread "pool-10-thread-3" [_thread_blocked, id=30238, stack(0x00007fdc88016000,0x00007fdc88117000)]
  0x00007fdc56162000 JavaThread "pool-10-thread-2" [_thread_blocked, id=28758, stack(0x00007fdc90d78000,0x00007fdc90e79000)]
  0x00007fdc74186000 JavaThread "pool-10-thread-1" [_thread_blocked, id=27024, stack(0x00007fdc5b0ff000,0x00007fdc5b200000)]
  0x00007fdc54b5d800 JavaThread "pool-2-thread-1" [_thread_blocked, id=25050, stack(0x00007fdc8852a000,0x00007fdc8862b000)]
  0x00007fdc547ce000 JavaThread "File lock request listener" [_thread_in_native, id=25047, stack(0x00007fdc88eff000,0x00007fdc89000000)]
  0x00007fdca8b84000 JavaThread "pool-1-thread-1" [_thread_blocked, id=25036, stack(0x00007fdc9137e000,0x00007fdc9147f000)]
  0x00007fdca8b3e000 JavaThread "Incoming local TCP Connector on port 45181" [_thread_in_native, id=25035, stack(0x00007fdc91686000,0x00007fdc91787000)]
  0x00007fdca80bc000 JavaThread "Service Thread" daemon [_thread_blocked, id=25032, stack(0x00007fdc927e6000,0x00007fdc928e7000)]
  0x00007fdca80ac800 JavaThread "C1 CompilerThread1" daemon [_thread_blocked, id=25031, stack(0x00007fdc928e7000,0x00007fdc929e8000)]
  0x00007fdca80a9800 JavaThread "C2 CompilerThread0" daemon [_thread_blocked, id=25030, stack(0x00007fdc929e8000,0x00007fdc92ae9000)]
  0x00007fdca80a7000 JavaThread "Signal Dispatcher" daemon [_thread_blocked, id=25029, stack(0x00007fdc92ae9000,0x00007fdc92bea000)]
  0x00007fdca807f800 JavaThread "Finalizer" daemon [_thread_blocked, id=25028, stack(0x00007fdc92eb5000,0x00007fdc92fb6000)]
  0x00007fdca807b000 JavaThread "Reference Handler" daemon [_thread_blocked, id=25027, stack(0x00007fdc92fb6000,0x00007fdc930b7000)]
  0x00007fdca800a000 JavaThread "main" [_thread_blocked, id=25023, stack(0x00007fdcaf8ed000,0x00007fdcaf9ee000)]

Other Threads:
  0x00007fdca8073800 VMThread [stack: 0x00007fdc930b7000,0x00007fdc931b8000] [id=25026]
  0x00007fdca80be000 WatcherThread [stack: 0x00007fdc926e5000,0x00007fdc927e6000] [id=25033]

=>0x00007fdca801f000 (exited) GCTaskThread [stack: 0x00007fdc9893f000,0x00007fdc98a40000] [id=25024]

VM state:at safepoint (normal execution)

VM Mutex/Monitor currently owned by a thread:  ([mutex/lock_event])
[0x00007fdca8006540] Threads_lock - owner thread: 0x00007fdca8073800
[0x00007fdca8006a40] Heap_lock - owner thread: 0x00007fdc54ea5800

Heap:
 PSYoungGen      total 225792K, used 225362K [0x00000000e0000000, 0x00000000feb00000, 0x0000000100000000)
  eden space 196608K, 100% used [0x00000000e0000000,0x00000000ec000000,0x00000000ec000000)
  from space 29184K, 98% used [0x00000000ec000000,0x00000000edc14a08,0x00000000edc80000)
  to   space 151040K, 7% used [0x00000000f5780000,0x00000000f6299b58,0x00000000feb00000)
 ParOldGen       total 1048576K, used 219172K [0x00000000a0000000, 0x00000000e0000000, 0x00000000e0000000)
  object space 1048576K, 20% used [0x00000000a0000000,0x00000000ad609140,0x00000000e0000000)
 Metaspace       used 76996K, capacity 79824K, committed 83072K, reserved 1122304K
  class space    used 9201K, capacity 9618K, committed 10368K, reserved 1048576K

Card table byte_map: [0x00007fdcac07f000,0x00007fdcac380000] byte_map_base: 0x00007fdcabb7f000

Marking Bits: (ParMarkBitMap*) 0x00007fdcaebc3000
 Begin Bits: [0x00007fdc89000000, 0x00007fdc8a800000)
 End Bits:   [0x00007fdc8a800000, 0x00007fdc8c000000)

Polling page: 0x00007fdcafa14000

CodeCache: size=245760Kb used=74186Kb max_used=74199Kb free=171573Kb
 bounds [0x00007fdc99000000, 0x00007fdc9d900000, 0x00007fdca8000000]
 total_blobs=20663 nmethods=19885 adapters=690
 compilation: enabled

Compilation events (10 events):
Event: 9775,193 Thread 0x00007fdca80a9800 29851       4       proguard.classfile.io.ProgramClassWriter::visitAnyAttribute (87 bytes)
Event: 9775,345 Thread 0x00007fdca80a9800 nmethod 29851 0x00007fdc9a483990 code [0x00007fdc9a483b80, 0x00007fdc9a484998]
Event: 9775,345 Thread 0x00007fdca80a9800 29852   !   4       proguard.io.JarReader::read (69 bytes)
Event: 9775,362 Thread 0x00007fdca80a9800 nmethod 29852 0x00007fdc9d8ebd50 code [0x00007fdc9d8ebfe0, 0x00007fdc9d8ece10]
Event: 9784,049 Thread 0x00007fdca80a9800 29853   !   4       org.gradle.launcher.daemon.server.exec.LogToClient$AsynchronousLogDispatcher::run (59 bytes)
Event: 9786,471 Thread 0x00007fdca80a9800 nmethod 29853 0x00007fdc9d8ede10 code [0x00007fdc9d8ee080, 0x00007fdc9d8ef010]
Event: 9791,217 Thread 0x00007fdca80a9800 29854       4       java.util.Collections::list (33 bytes)
Event: 9796,112 Thread 0x00007fdca80a9800 nmethod 29854 0x00007fdc9d8f0290 code [0x00007fdc9d8f0480, 0x00007fdc9d8f12e8]
Event: 9799,606 Thread 0x00007fdca80ac800 29855       3       com.android.dx.cf.code.BytecodeArray$ConstantParserVisitor::visitNoArgs (5 bytes)
Event: 9799,610 Thread 0x00007fdca80ac800 nmethod 29855 0x00007fdc9b994710 code [0x00007fdc9b994880, 0x00007fdc9b994a30]

GC Heap History (10 events):
Event: 9770,727 GC heap after
Heap after GC invocations=379 (full 38):
 PSYoungGen      total 203264K, used 14624K [0x00000000e0000000, 0x00000000fff00000, 0x0000000100000000)
  eden space 188416K, 0% used [0x00000000e0000000,0x00000000e0000000,0x00000000eb800000)
  from space 14848K, 98% used [0x00000000eb800000,0x00000000ec648000,0x00000000ec680000)
  to   space 167424K, 0% used [0x00000000f5b80000,0x00000000f5b80000,0x00000000fff00000)
 ParOldGen       total 1048576K, used 168448K [0x00000000a0000000, 0x00000000e0000000, 0x00000000e0000000)
  object space 1048576K, 16% used [0x00000000a0000000,0x00000000aa480128,0x00000000e0000000)
 Metaspace       used 76993K, capacity 79824K, committed 83072K, reserved 1122304K
  class space    used 9201K, capacity 9618K, committed 10368K, reserved 1048576K
}
Event: 9771,217 GC heap before
{Heap before GC invocations=380 (full 38):
 PSYoungGen      total 203264K, used 203040K [0x00000000e0000000, 0x00000000fff00000, 0x0000000100000000)
  eden space 188416K, 100% used [0x00000000e0000000,0x00000000eb800000,0x00000000eb800000)
  from space 14848K, 98% used [0x00000000eb800000,0x00000000ec648000,0x00000000ec680000)
  to   space 167424K, 0% used [0x00000000f5b80000,0x00000000f5b80000,0x00000000fff00000)
 ParOldGen       total 1048576K, used 168448K [0x00000000a0000000, 0x00000000e0000000, 0x00000000e0000000)
  object space 1048576K, 16% used [0x00000000a0000000,0x00000000aa480128,0x00000000e0000000)
 Metaspace       used 76993K, capacity 79824K, committed 83072K, reserved 1122304K
  class space    used 9201K, capacity 9618K, committed 10368K, reserved 1048576K
Event: 9773,412 GC heap after
Heap after GC invocations=380 (full 38):
 PSYoungGen      total 356864K, used 8640K [0x00000000e0000000, 0x0000000100000000, 0x0000000100000000)
  eden space 189440K, 0% used [0x00000000e0000000,0x00000000e0000000,0x00000000eb900000)
  from space 167424K, 5% used [0x00000000f5b80000,0x00000000f63f0000,0x00000000fff00000)
  to   space 166400K, 0% used [0x00000000eb900000,0x00000000eb900000,0x00000000f5b80000)
 ParOldGen       total 1048576K, used 178632K [0x00000000a0000000, 0x00000000e0000000, 0x00000000e0000000)
  object space 1048576K, 17% used [0x00000000a0000000,0x00000000aae72128,0x00000000e0000000)
 Metaspace       used 76993K, capacity 79824K, committed 83072K, reserved 1122304K
  class space    used 9201K, capacity 9618K, committed 10368K, reserved 1048576K
}
Event: 9791,417 GC heap before
{Heap before GC invocations=381 (full 38):
 PSYoungGen      total 356864K, used 198080K [0x00000000e0000000, 0x0000000100000000, 0x0000000100000000)
  eden space 189440K, 100% used [0x00000000e0000000,0x00000000eb900000,0x00000000eb900000)
  from space 167424K, 5% used [0x00000000f5b80000,0x00000000f63f0000,0x00000000fff00000)
  to   space 166400K, 0% used [0x00000000eb900000,0x00000000eb900000,0x00000000f5b80000)
 ParOldGen       total 1048576K, used 178632K [0x00000000a0000000, 0x00000000e0000000, 0x00000000e0000000)
  object space 1048576K, 17% used [0x00000000a0000000,0x00000000aae72128,0x00000000e0000000)
 Metaspace       used 76996K, capacity 79824K, committed 83072K, reserved 1122304K
  class space    used 9201K, capacity 9618K, committed 10368K, reserved 1048576K
Event: 9795,640 GC heap after
Heap after GC invocations=381 (full 38):
 PSYoungGen      total 192512K, used 2788K [0x00000000e0000000, 0x00000000ffc00000, 0x0000000100000000)
  eden space 189440K, 0% used [0x00000000e0000000,0x00000000e0000000,0x00000000eb900000)
  from space 3072K, 90% used [0x00000000eb900000,0x00000000ebbb9298,0x00000000ebc00000)
  to   space 164864K, 0% used [0x00000000f5b00000,0x00000000f5b00000,0x00000000ffc00000)
 ParOldGen       total 1048576K, used 184848K [0x00000000a0000000, 0x00000000e0000000, 0x00000000e0000000)
  object space 1048576K, 17% used [0x00000000a0000000,0x00000000ab484128,0x00000000e0000000)
 Metaspace       used 76996K, capacity 79824K, committed 83072K, reserved 1122304K
  class space    used 9201K, capacity 9618K, committed 10368K, reserved 1048576K
}
Event: 9798,489 GC heap before
{Heap before GC invocations=382 (full 38):
 PSYoungGen      total 192512K, used 192228K [0x00000000e0000000, 0x00000000ffc00000, 0x0000000100000000)
  eden space 189440K, 100% used [0x00000000e0000000,0x00000000eb900000,0x00000000eb900000)
  from space 3072K, 90% used [0x00000000eb900000,0x00000000ebbb9298,0x00000000ebc00000)
  to   space 164864K, 0% used [0x00000000f5b00000,0x00000000f5b00000,0x00000000ffc00000)
 ParOldGen       total 1048576K, used 184848K [0x00000000a0000000, 0x00000000e0000000, 0x00000000e0000000)
  object space 1048576K, 17% used [0x00000000a0000000,0x00000000ab484128,0x00000000e0000000)
 Metaspace       used 76996K, capacity 79824K, committed 83072K, reserved 1122304K
  class space    used 9201K, capacity 9618K, committed 10368K, reserved 1048576K
Event: 9799,210 GC heap after
Heap after GC invocations=382 (full 38):
 PSYoungGen      total 361472K, used 20790K [0x00000000e0000000, 0x0000000100000000, 0x0000000100000000)
  eden space 196608K, 0% used [0x00000000e0000000,0x00000000e0000000,0x00000000ec000000)
  from space 164864K, 12% used [0x00000000f5b00000,0x00000000f6f4d8d0,0x00000000ffc00000)
  to   space 158720K, 0% used [0x00000000ec000000,0x00000000ec000000,0x00000000f5b00000)
 ParOldGen       total 1048576K, used 187573K [0x00000000a0000000, 0x00000000e0000000, 0x00000000e0000000)
  object space 1048576K, 17% used [0x00000000a0000000,0x00000000ab72d410,0x00000000e0000000)
 Metaspace       used 76996K, capacity 79824K, committed 83072K, reserved 1122304K
  class space    used 9201K, capacity 9618K, committed 10368K, reserved 1048576K
}
Event: 9799,677 GC heap before
{Heap before GC invocations=383 (full 38):
 PSYoungGen      total 361472K, used 217398K [0x00000000e0000000, 0x0000000100000000, 0x0000000100000000)
  eden space 196608K, 100% used [0x00000000e0000000,0x00000000ec000000,0x00000000ec000000)
  from space 164864K, 12% used [0x00000000f5b00000,0x00000000f6f4d8d0,0x00000000ffc00000)
  to   space 158720K, 0% used [0x00000000ec000000,0x00000000ec000000,0x00000000f5b00000)
 ParOldGen       total 1048576K, used 187573K [0x00000000a0000000, 0x00000000e0000000, 0x00000000e0000000)
  object space 1048576K, 17% used [0x00000000a0000000,0x00000000ab72d410,0x00000000e0000000)
 Metaspace       used 76996K, capacity 79824K, committed 83072K, reserved 1122304K
  class space    used 9201K, capacity 9618K, committed 10368K, reserved 1048576K
Event: 9800,222 GC heap after
Heap after GC invocations=383 (full 38):
 PSYoungGen      total 225792K, used 28754K [0x00000000e0000000, 0x00000000feb00000, 0x0000000100000000)
  eden space 196608K, 0% used [0x00000000e0000000,0x00000000e0000000,0x00000000ec000000)
  from space 29184K, 98% used [0x00000000ec000000,0x00000000edc14a08,0x00000000edc80000)
  to   space 151040K, 0% used [0x00000000f5780000,0x00000000f5780000,0x00000000feb00000)
 ParOldGen       total 1048576K, used 207356K [0x00000000a0000000, 0x00000000e0000000, 0x00000000e0000000)
  object space 1048576K, 19% used [0x00000000a0000000,0x00000000aca7f3b0,0x00000000e0000000)
 Metaspace       used 76996K, capacity 79824K, committed 83072K, reserved 1122304K
  class space    used 9201K, capacity 9618K, committed 10368K, reserved 1048576K
}
Event: 9800,596 GC heap before
{Heap before GC invocations=384 (full 38):
 PSYoungGen      total 225792K, used 225362K [0x00000000e0000000, 0x00000000feb00000, 0x0000000100000000)
  eden space 196608K, 100% used [0x00000000e0000000,0x00000000ec000000,0x00000000ec000000)
  from space 29184K, 98% used [0x00000000ec000000,0x00000000edc14a08,0x00000000edc80000)
  to   space 151040K, 0% used [0x00000000f5780000,0x00000000f5780000,0x00000000feb00000)
 ParOldGen       total 1048576K, used 207356K [0x00000000a0000000, 0x00000000e0000000, 0x00000000e0000000)
  object space 1048576K, 19% used [0x00000000a0000000,0x00000000aca7f3b0,0x00000000e0000000)
 Metaspace       used 76996K, capacity 79824K, committed 83072K, reserved 1122304K
  class space    used 9201K, capacity 9618K, committed 10368K, reserved 1048576K

Deoptimization events (10 events):
Event: 8694,104 Thread 0x00007fdc60004800 Uncommon trap: reason=bimorphic action=maybe_recompile pc=0x00007fdc9cbf28bc method=com.sun.tools.javac.code.Types$SameTypeVisitor.visitClassType(Lcom/sun/tools/javac/code/Type$ClassType;Lcom/sun/tools/javac/code/Type;)Ljava/lang/Boolean; @ 95
Event: 8694,373 Thread 0x00007fdc60004800 Uncommon trap: reason=class_check action=maybe_recompile pc=0x00007fdc9cb2d2b4 method=com.sun.tools.javac.code.Types$4.visitType(Lcom/sun/tools/javac/code/Type;Lcom/sun/tools/javac/code/Type;)Ljava/lang/Boolean; @ 120
Event: 8694,373 Thread 0x00007fdc60004800 Uncommon trap: reason=class_check action=maybe_recompile pc=0x00007fdc9cb2d2b4 method=com.sun.tools.javac.code.Types$4.visitType(Lcom/sun/tools/javac/code/Type;Lcom/sun/tools/javac/code/Type;)Ljava/lang/Boolean; @ 120
Event: 8694,373 Thread 0x00007fdc60004800 Uncommon trap: reason=class_check action=maybe_recompile pc=0x00007fdc9cb2d2b4 method=com.sun.tools.javac.code.Types$4.visitType(Lcom/sun/tools/javac/code/Type;Lcom/sun/tools/javac/code/Type;)Ljava/lang/Boolean; @ 120
Event: 8755,206 Thread 0x00007fdc54db0000 Uncommon trap: reason=class_check action=maybe_recompile pc=0x00007fdc9a0e63e4 method=com.android.dx.ssa.DeadCodeRemover.pruneDeadInstructions()V @ 198
Event: 8801,689 Thread 0x00007fdc60004800 Uncommon trap: reason=bimorphic action=maybe_recompile pc=0x00007fdc9ce197fc method=com.google.common.collect.ForwardingMapEntry.getKey()Ljava/lang/Object; @ 4
Event: 9726,910 Thread 0x00007fdc60004800 Uncommon trap: reason=class_check action=maybe_recompile pc=0x00007fdc9c7d481c method=org.gradle.api.internal.DefaultNamedDomainObjectCollection.findByNameWithoutRules(Ljava/lang/String;)Ljava/lang/Object; @ 5
Event: 9747,968 Thread 0x00007fdc57518000 Uncommon trap: reason=class_check action=maybe_recompile pc=0x00007fdc9a133094 method=sun.misc.URLClassPath$1.next()Z @ 46
Event: 9752,176 Thread 0x00007fdc57518000 Uncommon trap: reason=null_check action=make_not_entrant pc=0x00007fdc9ae8a2c0 method=com.sun.tools.javac.comp.Check$5.visitType(Lcom/sun/tools/javac/code/Type;Ljava/lang/Object;)Ljava/lang/Object; @ 3
Event: 9752,562 Thread 0x00007fdc57518000 Uncommon trap: reason=class_check action=maybe_recompile pc=0x00007fdc9cb2d2b4 method=com.sun.tools.javac.code.Types$4.visitType(Lcom/sun/tools/javac/code/Type;Lcom/sun/tools/javac/code/Type;)Ljava/lang/Boolean; @ 120

Internal exceptions (10 events):
Event: 9728,123 Thread 0x00007fdc60004800 Exception <a 'sun/nio/fs/UnixException'> (0x00000000e54c40a0) thrown at [/build/openjdk-8-VN6Zir/openjdk-8-8u91-b14/src/hotspot/src/share/vm/prims/jni.cpp, line 709]
Event: 9728,124 Thread 0x00007fdc60004800 Exception <a 'sun/nio/fs/UnixException'> (0x00000000e54c7880) thrown at [/build/openjdk-8-VN6Zir/openjdk-8-8u91-b14/src/hotspot/src/share/vm/prims/jni.cpp, line 709]
Event: 9728,124 Thread 0x00007fdc60004800 Exception <a 'sun/nio/fs/UnixException'> (0x00000000e54c8be0) thrown at [/build/openjdk-8-VN6Zir/openjdk-8-8u91-b14/src/hotspot/src/share/vm/prims/jni.cpp, line 709]
Event: 9728,132 Thread 0x00007fdc60004800 Exception <a 'sun/nio/fs/UnixException'> (0x00000000e54cc908) thrown at [/build/openjdk-8-VN6Zir/openjdk-8-8u91-b14/src/hotspot/src/share/vm/prims/jni.cpp, line 709]
Event: 9728,132 Thread 0x00007fdc60004800 Exception <a 'sun/nio/fs/UnixException'> (0x00000000e54cdc38) thrown at [/build/openjdk-8-VN6Zir/openjdk-8-8u91-b14/src/hotspot/src/share/vm/prims/jni.cpp, line 709]
Event: 9728,140 Thread 0x00007fdc60004800 Exception <a 'sun/nio/fs/UnixException'> (0x00000000e54d1270) thrown at [/build/openjdk-8-VN6Zir/openjdk-8-8u91-b14/src/hotspot/src/share/vm/prims/jni.cpp, line 709]
Event: 9728,140 Thread 0x00007fdc60004800 Exception <a 'sun/nio/fs/UnixException'> (0x00000000e54d25d0) thrown at [/build/openjdk-8-VN6Zir/openjdk-8-8u91-b14/src/hotspot/src/share/vm/prims/jni.cpp, line 709]
Event: 9728,140 Thread 0x00007fdc60004800 Exception <a 'sun/nio/fs/UnixException'> (0x00000000e54d5ed8) thrown at [/build/openjdk-8-VN6Zir/openjdk-8-8u91-b14/src/hotspot/src/share/vm/prims/jni.cpp, line 709]
Event: 9728,140 Thread 0x00007fdc60004800 Exception <a 'sun/nio/fs/UnixException'> (0x00000000e54d7208) thrown at [/build/openjdk-8-VN6Zir/openjdk-8-8u91-b14/src/hotspot/src/share/vm/prims/jni.cpp, line 709]
Event: 9752,176 Thread 0x00007fdc57518000 Implicit null exception at 0x00007fdc9ae8a182 to 0x00007fdc9ae8a2b1

Events (10 events):
Event: 9796,156 Thread 0x00007fdc5588a800 Thread added: 0x00007fdc5588a800
Event: 9796,281 Executing VM operation: BulkRevokeBias
Event: 9796,479 Executing VM operation: BulkRevokeBias done
Event: 9796,479 Executing VM operation: RevokeBias
Event: 9796,480 Executing VM operation: RevokeBias done
Event: 9798,381 Executing VM operation: ParallelGCFailedAllocation
Event: 9799,210 Executing VM operation: ParallelGCFailedAllocation done
Event: 9799,676 Executing VM operation: ParallelGCFailedAllocation
Event: 9800,222 Executing VM operation: ParallelGCFailedAllocation done
Event: 9800,550 Executing VM operation: ParallelGCFailedAllocation


Dynamic libraries:
00400000-00401000 r-xp 00000000 08:16 1048620                            /usr/lib/jvm/java-8-openjdk-amd64/jre/bin/java
00600000-00601000 r--p 00000000 08:16 1048620                            /usr/lib/jvm/java-8-openjdk-amd64/jre/bin/java
00601000-00602000 rw-p 00001000 08:16 1048620                            /usr/lib/jvm/java-8-openjdk-amd64/jre/bin/java
010a2000-010c3000 rw-p 00000000 00:00 0                                  [heap]
a0000000-e0000000 rw-p 00000000 00:00 0 
e0000000-feb00000 rw-p 00000000 00:00 0 
feb00000-100000000 ---p 00000000 00:00 0 
100000000-100a20000 rw-p 00000000 00:00 0 
100a20000-140000000 ---p 00000000 00:00 0 
7fdc528eb000-7fdc52aeb000 rw-p 00000000 00:00 0 
7fdc52aeb000-7fdc52aee000 ---p 00000000 00:00 0 
7fdc52aee000-7fdc52bec000 rw-p 00000000 00:00 0 
7fdc52bec000-7fdc52bef000 ---p 00000000 00:00 0 
7fdc52bef000-7fdc52ced000 rw-p 00000000 00:00 0 
7fdc52ced000-7fdc52cf0000 ---p 00000000 00:00 0 
7fdc52cf0000-7fdc52dee000 rw-p 00000000 00:00 0 
7fdc52dee000-7fdc52df1000 ---p 00000000 00:00 0 
7fdc52df1000-7fdc52eef000 rw-p 00000000 00:00 0 
7fdc52ef3000-7fdc530f3000 rw-p 00000000 00:00 0 
7fdc530f3000-7fdc532f3000 rw-p 00000000 00:00 0 
7fdc532f3000-7fdc532f6000 ---p 00000000 00:00 0 
7fdc532f6000-7fdc533f4000 rw-p 00000000 00:00 0 
7fdc533f4000-7fdc533f7000 ---p 00000000 00:00 0 
7fdc533f7000-7fdc534f5000 rw-p 00000000 00:00 0 
7fdc534f5000-7fdc534f8000 ---p 00000000 00:00 0 
7fdc534f8000-7fdc535f6000 rw-p 00000000 00:00 0 
7fdc535f6000-7fdc535f9000 ---p 00000000 00:00 0 
7fdc535f9000-7fdc536f7000 rw-p 00000000 00:00 0 
7fdc536f7000-7fdc536fa000 ---p 00000000 00:00 0 
7fdc536fa000-7fdc537f8000 rw-p 00000000 00:00 0 
7fdc537f8000-7fdc537fb000 ---p 00000000 00:00 0 
7fdc537fb000-7fdc538f9000 rw-p 00000000 00:00 0 
7fdc53afb000-7fdc53afe000 ---p 00000000 00:00 0 
7fdc53afe000-7fdc53bfc000 rw-p 00000000 00:00 0 
7fdc53bfc000-7fdc53bff000 ---p 00000000 00:00 0 
7fdc53bff000-7fdc53cfd000 rw-p 00000000 00:00 0 
7fdc53cfd000-7fdc53d00000 ---p 00000000 00:00 0 
7fdc53d00000-7fdc53dfe000 rw-p 00000000 00:00 0 
7fdc53dfe000-7fdc53e01000 ---p 00000000 00:00 0 
7fdc53e01000-7fdc53eff000 rw-p 00000000 00:00 0 
7fdc54000000-7fdc57e86000 rw-p 00000000 00:00 0 
7fdc57e86000-7fdc58000000 ---p 00000000 00:00 0 
7fdc580b4000-7fdc580b7000 ---p 00000000 00:00 0 
7fdc580b7000-7fdc580ed000 rw-p 00000000 00:00 0 
7fdc580ef000-7fdc582ef000 rw-p 00000000 00:00 0 
7fdc582ef000-7fdc582f2000 ---p 00000000 00:00 0 
7fdc582f2000-7fdc58328000 rw-p 00000000 00:00 0 
7fdc583b7000-7fdc583ba000 ---p 00000000 00:00 0 
7fdc583ba000-7fdc583f0000 rw-p 00000000 00:00 0 
7fdc584f1000-7fdc584f4000 ---p 00000000 00:00 0 
7fdc584f4000-7fdc5852a000 rw-p 00000000 00:00 0 
7fdc58565000-7fdc58765000 rw-p 00000000 00:00 0 
7fdc5879e000-7fdc587a1000 ---p 00000000 00:00 0 
7fdc587a1000-7fdc5889f000 rw-p 00000000 00:00 0 
7fdc5889f000-7fdc588a2000 ---p 00000000 00:00 0 
7fdc588a2000-7fdc589a0000 rw-p 00000000 00:00 0 
7fdc589d9000-7fdc589dc000 ---p 00000000 00:00 0 
7fdc589dc000-7fdc58ada000 rw-p 00000000 00:00 0 
7fdc58adc000-7fdc58cdc000 rw-p 00000000 00:00 0 
7fdc58cde000-7fdc58dde000 rw-p 00000000 00:00 0 
7fdc58dde000-7fdc58ede000 ---p 00000000 00:00 0 
7fdc58ede000-7fdc58ee1000 ---p 00000000 00:00 0 
7fdc58ee1000-7fdc58fdf000 rw-p 00000000 00:00 0 
7fdc58fdf000-7fdc58fe2000 ---p 00000000 00:00 0 
7fdc58fe2000-7fdc590e0000 rw-p 00000000 00:00 0 
7fdc590e0000-7fdc590e3000 ---p 00000000 00:00 0 
7fdc590e3000-7fdc59119000 rw-p 00000000 00:00 0 
7fdc59119000-7fdc5911c000 ---p 00000000 00:00 0 
7fdc5911c000-7fdc5921a000 rw-p 00000000 00:00 0 
7fdc5931b000-7fdc5931e000 ---p 00000000 00:00 0 
7fdc5931e000-7fdc59354000 rw-p 00000000 00:00 0 
7fdc59455000-7fdc59458000 ---p 00000000 00:00 0 
7fdc59458000-7fdc59556000 rw-p 00000000 00:00 0 
7fdc59556000-7fdc59559000 ---p 00000000 00:00 0 
7fdc59559000-7fdc5958f000 rw-p 00000000 00:00 0 
7fdc5958f000-7fdc59592000 ---p 00000000 00:00 0 
7fdc59592000-7fdc59690000 rw-p 00000000 00:00 0 
7fdc59690000-7fdc59693000 ---p 00000000 00:00 0 
7fdc59693000-7fdc59791000 rw-p 00000000 00:00 0 
7fdc598cb000-7fdc598ce000 ---p 00000000 00:00 0 
7fdc598ce000-7fdc599cc000 rw-p 00000000 00:00 0 
7fdc599cc000-7fdc599cf000 ---p 00000000 00:00 0 
7fdc599cf000-7fdc59a05000 rw-p 00000000 00:00 0 
7fdc59a07000-7fdc59c07000 rw-p 00000000 00:00 0 
7fdc59c42000-7fdc59e42000 rw-p 00000000 00:00 0 
7fdc59e42000-7fdc59e45000 ---p 00000000 00:00 0 
7fdc59e45000-7fdc59f43000 rw-p 00000000 00:00 0 
7fdc59f47000-7fdc59f4a000 ---p 00000000 00:00 0 
7fdc59f4a000-7fdc5a248000 rw-p 00000000 00:00 0 
7fdc5a248000-7fdc5a448000 rw-p 00000000 00:00 0 
7fdc5a448000-7fdc5a44b000 ---p 00000000 00:00 0 
7fdc5a44b000-7fdc5a549000 rw-p 00000000 00:00 0 
7fdc5a64a000-7fdc5a64d000 ---p 00000000 00:00 0 
7fdc5a64d000-7fdc5a74b000 rw-p 00000000 00:00 0 
7fdc5a74b000-7fdc5a74e000 ---p 00000000 00:00 0 
7fdc5a74e000-7fdc5a784000 rw-p 00000000 00:00 0 
7fdc5a784000-7fdc5a787000 ---p 00000000 00:00 0 
7fdc5a787000-7fdc5a885000 rw-p 00000000 00:00 0 
7fdc5a885000-7fdc5a888000 ---p 00000000 00:00 0 
7fdc5a888000-7fdc5a986000 rw-p 00000000 00:00 0 
7fdc5a986000-7fdc5a989000 ---p 00000000 00:00 0 
7fdc5a989000-7fdc5a9bf000 rw-p 00000000 00:00 0 
7fdc5a9f8000-7fdc5a9fb000 ---p 00000000 00:00 0 
7fdc5a9fb000-7fdc5aaf9000 rw-p 00000000 00:00 0 
7fdc5abfc000-7fdc5adfc000 rw-p 00000000 00:00 0 
7fdc5ae2e000-7fdc5aef8000 r--s 00a32000 08:16 2506164                    /home/icaro/Documentos/workspace/Filme/app/build/intermediates/transforms/jarMerging/flavor19/debug/jars/1/1f/combined.jar
7fdc5aef8000-7fdc5af1a000 r--p 00000000 08:16 3690287                    /usr/share/locale-langpack/pt_BR/LC_MESSAGES/libc.mo
7fdc5af1a000-7fdc5af1d000 ---p 00000000 00:00 0 
7fdc5af1d000-7fdc5af53000 rw-p 00000000 00:00 0 
7fdc5af53000-7fdc5af56000 ---p 00000000 00:00 0 
7fdc5af56000-7fdc5af8c000 rw-p 00000000 00:00 0 
7fdc5af8c000-7fdc5af8f000 ---p 00000000 00:00 0 
7fdc5af8f000-7fdc5afc5000 rw-p 00000000 00:00 0 
7fdc5afc5000-7fdc5afc8000 ---p 00000000 00:00 0 
7fdc5afc8000-7fdc5affe000 rw-p 00000000 00:00 0 
7fdc5affe000-7fdc5b001000 ---p 00000000 00:00 0 
7fdc5b001000-7fdc5b0ff000 rw-p 00000000 00:00 0 
7fdc5b0ff000-7fdc5b102000 ---p 00000000 00:00 0 
7fdc5b102000-7fdc5b400000 rw-p 00000000 00:00 0 
7fdc5b400000-7fdc5b600000 rw-p 00000000 00:00 0 
7fdc5b600000-7fdc5b800000 rw-p 00000000 00:00 0 
7fdc5b800000-7fdc5ba00000 rw-p 00000000 00:00 0 
7fdc5ba00000-7fdc5bc00000 rw-p 00000000 00:00 0 
7fdc5bc00000-7fdc5be00000 rw-p 00000000 00:00 0 
7fdc5be00000-7fdc5c000000 rw-p 00000000 00:00 0 
7fdc5c000000-7fdc5c021000 rw-p 00000000 00:00 0 
7fdc5c021000-7fdc60000000 ---p 00000000 00:00 0 
7fdc60000000-7fdc60053000 rw-p 00000000 00:00 0 
7fdc60053000-7fdc64000000 ---p 00000000 00:00 0 
7fdc64000000-7fdc64021000 rw-p 00000000 00:00 0 
7fdc64021000-7fdc68000000 ---p 00000000 00:00 0 
7fdc68000000-7fdc6806f000 rw-p 00000000 00:00 0 
7fdc6806f000-7fdc6c000000 ---p 00000000 00:00 0 
7fdc6c000000-7fdc6d6a3000 rw-p 00000000 00:00 0 
7fdc6d6a3000-7fdc70000000 ---p 00000000 00:00 0 
7fdc70000000-7fdc70021000 rw-p 00000000 00:00 0 
7fdc70021000-7fdc74000000 ---p 00000000 00:00 0 
7fdc74000000-7fdc741ed000 rw-p 00000000 00:00 0 
7fdc741ed000-7fdc78000000 ---p 00000000 00:00 0 
7fdc78000000-7fdc7acb0000 rw-p 00000000 00:00 0 
7fdc7acb0000-7fdc7c000000 ---p 00000000 00:00 0 
7fdc7c000000-7fdc7c055000 rw-p 00000000 00:00 0 
7fdc7c055000-7fdc80000000 ---p 00000000 00:00 0 
7fdc80000000-7fdc80021000 rw-p 00000000 00:00 0 
7fdc80021000-7fdc84000000 ---p 00000000 00:00 0 
7fdc84000000-7fdc84d9f000 rw-p 00000000 00:00 0 
7fdc84d9f000-7fdc88000000 ---p 00000000 00:00 0 
7fdc88013000-7fdc88016000 r--s 00015000 08:16 1315201                    /usr/lib/jvm/java-8-openjdk-amd64/jre/lib/jce.jar
7fdc88016000-7fdc88019000 ---p 00000000 00:00 0 
7fdc88019000-7fdc88117000 rw-p 00000000 00:00 0 
7fdc88117000-7fdc8812a000 r--s 00345000 08:16 1315205                    /usr/lib/jvm/java-8-openjdk-amd64/jre/lib/resources.jar
7fdc8812a000-7fdc8832a000 rw-p 00000000 00:00 0 
7fdc8832a000-7fdc8852a000 rw-p 00000000 00:00 0 
7fdc8852a000-7fdc8852d000 ---p 00000000 00:00 0 
7fdc8852d000-7fdc8882b000 rw-p 00000000 00:00 0 
7fdc8882b000-7fdc88a2b000 rw-p 00000000 00:00 0 
7fdc88a2b000-7fdc88a56000 r--s 001fc000 08:16 3078568                    /home/icaro/.local/share/umake/android/android-studio/gradle/m2repository/com/google/guava/guava/18.0/guava-18.0.jar
7fdc88a56000-7fdc88a57000 r--s 00001000 08:16 3078993                    /home/icaro/.local/share/umake/android/android-studio/gradle/m2repository/com/android/tools/annotations/25.2.1/annotations-25.2.1.jar
7fdc88a57000-7fdc88a69000 r--s 000b3000 08:16 3078757                    /home/icaro/.local/share/umake/android/android-studio/gradle/m2repository/com/android/tools/external/com-intellij/uast/145.597.3/uast-145.597.3.jar
7fdc88a69000-7fdc88a71000 r--s 000a8000 08:16 3078753                    /home/icaro/.local/share/umake/android/android-studio/gradle/m2repository/com/android/tools/external/lombok/lombok-ast/0.2.3/lombok-ast-0.2.3.jar
7fdc88a71000-7fdc88a73000 r--s 0000d000 08:16 3078856                    /home/icaro/.local/share/umake/android/android-studio/gradle/m2repository/commons-codec/commons-codec/1.4/commons-codec-1.4.jar
7fdc88a73000-7fdc88a75000 r--s 0000d000 08:16 3078375                    /home/icaro/.local/share/umake/android/android-studio/gradle/m2repository/commons-logging/commons-logging/1.1.1/commons-logging-1.1.1.jar
7fdc88a75000-7fdc88a7a000 r--s 00028000 08:16 3078507                    /home/icaro/.local/share/umake/android/android-studio/gradle/m2repository/org/apache/httpcomponents/httpcore/4.1/httpcore-4.1.jar
7fdc88a7a000-7fdc88a7e000 r--s 0002f000 08:16 3078583                    /home/icaro/.local/share/umake/android/android-studio/gradle/m2repository/com/google/jimfs/jimfs/1.1/jimfs-1.1.jar
7fdc88a7e000-7fdc88a7f000 r--s 00004000 08:16 3078546                    /home/icaro/.local/share/umake/android/android-studio/gradle/m2repository/com/intellij/annotations/12.0/annotations-12.0.jar
7fdc88a7f000-7fdc88a80000 r--s 00004000 08:16 3078400                    /home/icaro/.local/share/umake/android/android-studio/gradle/m2repository/org/ow2/asm/asm-analysis/5.0.4/asm-analysis-5.0.4.jar
7fdc88a80000-7fdc88a84000 r--s 0003b000 08:16 3079037                    /home/icaro/.local/share/umake/android/android-studio/gradle/m2repository/com/android/tools/lint/lint-api/25.2.1/lint-api-25.2.1.jar
7fdc88a84000-7fdc88a85000 r--s 0000a000 08:16 3078831                    /home/icaro/.local/share/umake/android/android-studio/gradle/m2repository/net/sf/kxml/kxml2/2.3.0/kxml2-2.3.0.jar
7fdc88a85000-7fdc88a87000 r--s 00005000 08:16 3078503                    /home/icaro/.local/share/umake/android/android-studio/gradle/m2repository/org/apache/httpcomponents/httpmime/4.1/httpmime-4.1.jar
7fdc88a87000-7fdc88a8f000 r--s 0004e000 08:16 3078514                    /home/icaro/.local/share/umake/android/android-studio/gradle/m2repository/org/apache/httpcomponents/httpclient/4.1.1/httpclient-4.1.1.jar
7fdc88a8f000-7fdc88a96000 r--s 00053000 08:16 3078521                    /home/icaro/.local/share/umake/android/android-studio/gradle/m2repository/org/apache/commons/commons-compress/1.8.1/commons-compress-1.8.1.jar
7fdc88a96000-7fdc88a9b000 r--s 0002a000 08:16 3078578                    /home/icaro/.local/share/umake/android/android-studio/gradle/m2repository/com/google/code/gson/gson/2.2.4/gson-2.2.4.jar
7fdc88a9b000-7fdc88aa0000 r--s 0002d000 08:16 3079025                    /home/icaro/.local/share/umake/android/android-studio/gradle/m2repository/com/android/tools/repository/25.2.1/repository-25.2.1.jar
7fdc88aa0000-7fdc88aa5000 r--s 00058000 08:16 3078384                    /home/icaro/.local/share/umake/android/android-studio/gradle/m2repository/org/ow2/asm/asm-debug-all/5.0.1/asm-debug-all-5.0.1.jar
7fdc88aa5000-7fdc88ab5000 r--s 000d6000 08:16 3078839                    /home/icaro/.local/share/umake/android/android-studio/gradle/m2repository/net/sf/proguard/proguard-base/5.2.1/proguard-base-5.2.1.jar
7fdc88ab5000-7fdc88acc000 r--s 00154000 08:16 3078471                    /home/icaro/.local/share/umake/android/android-studio/gradle/m2repository/org/antlr/antlr4/4.5.3/antlr4-4.5.3.jar
7fdc88acc000-7fdc88aff000 r--s 00203000 08:16 3078475                    /home/icaro/.local/share/umake/android/android-studio/gradle/m2repository/org/bouncycastle/bcprov-jdk15on/1.48/bcprov-jdk15on-1.48.jar
7fdc88aff000-7fdc88cff000 rw-p 00000000 00:00 0 
7fdc88cff000-7fdc88eff000 rw-p 00000000 00:00 0 
7fdc88eff000-7fdc88f02000 ---p 00000000 00:00 0 
7fdc88f02000-7fdc8c000000 rw-p 00000000 00:00 0 
7fdc8c000000-7fdc8c394000 rw-p 00000000 00:00 0 
7fdc8c394000-7fdc90000000 ---p 00000000 00:00 0 
7fdc90000000-7fdc90001000 r--s 00005000 08:16 3079023                    /home/icaro/.local/share/umake/android/android-studio/gradle/m2repository/com/android/tools/dvlib/25.2.1/dvlib-25.2.1.jar
7fdc90001000-7fdc90004000 r--s 00014000 08:16 3079017                    /home/icaro/.local/share/umake/android/android-studio/gradle/m2repository/com/android/tools/layoutlib/layoutlib-api/25.2.1/layoutlib-api-25.2.1.jar
7fdc90004000-7fdc90007000 r--s 00033000 08:16 3078549                    /home/icaro/.local/share/umake/android/android-studio/gradle/m2repository/com/googlecode/juniversalchardet/juniversalchardet/1.0.3/juniversalchardet-1.0.3.jar
7fdc90007000-7fdc9000b000 r--s 0002a000 08:16 3078371                    /home/icaro/.local/share/umake/android/android-studio/gradle/m2repository/commons-io/commons-io/2.4/commons-io-2.4.jar
7fdc9000b000-7fdc9000c000 r--s 00002000 08:16 3026279                    /home/icaro/.local/share/umake/android/android-studio/gradle/m2repository/com/android/databinding/baseLibrary/2.2.1/baseLibrary-2.2.1.jar
7fdc9000c000-7fdc9001f000 r--s 00236000 08:16 3078441                    /home/icaro/.local/share/umake/android/android-studio/gradle/m2repository/org/eclipse/jdt/core/compiler/ecj/4.5.1/ecj-4.5.1.jar
7fdc9001f000-7fdc90026000 r--s 000c3000 08:16 3079033                    /home/icaro/.local/share/umake/android/android-studio/gradle/m2repository/com/android/tools/lint/lint-checks/25.2.1/lint-checks-25.2.1.jar
7fdc90026000-7fdc90028000 r--s 00006000 08:16 3078410                    /home/icaro/.local/share/umake/android/android-studio/gradle/m2repository/org/ow2/asm/asm-tree/5.0.4/asm-tree-5.0.4.jar
7fdc90028000-7fdc90036000 r--s 00081000 08:16 3078478                    /home/icaro/.local/share/umake/android/android-studio/gradle/m2repository/org/bouncycastle/bcpkix-jdk15on/1.48/bcpkix-jdk15on-1.48.jar
7fdc90036000-7fdc90038000 r--s 00002000 08:16 3078554                    /home/icaro/.local/share/umake/android/android-studio/gradle/m2repository/com/squareup/javawriter/2.5.0/javawriter-2.5.0.jar
7fdc90038000-7fdc90039000 r--s 00002000 08:16 3079026                    /home/icaro/.local/share/umake/android/android-studio/gradle/m2repository/com/android/tools/analytics-library/tracker/25.2.1/tracker-25.2.1.jar
7fdc90039000-7fdc9003b000 r--s 00003000 08:16 3079030                    /home/icaro/.local/share/umake/android/android-studio/gradle/m2repository/com/android/tools/analytics-library/shared/25.2.1/shared-25.2.1.jar
7fdc9003b000-7fdc90048000 r--s 000ed000 08:16 3079028                    /home/icaro/.local/share/umake/android/android-studio/gradle/m2repository/com/android/tools/analytics-library/protos/25.2.1/protos-25.2.1.jar
7fdc90048000-7fdc90049000 r--s 00001000 08:16 3078665                    /home/icaro/.local/share/umake/android/android-studio/gradle/m2repository/com/android/tools/jill/jill-api/0.10.0/jill-api-0.10.0.jar
7fdc90049000-7fdc9004b000 r--s 00003000 08:16 3078746                    /home/icaro/.local/share/umake/android/android-studio/gradle/m2repository/com/android/tools/jack/jack-api/0.11.0/jack-api-0.11.0.jar
7fdc9004b000-7fdc90050000 r--s 0004a000 08:16 3079021                    /home/icaro/.local/share/umake/android/android-studio/gradle/m2repository/com/android/tools/ddms/ddmlib/25.2.1/ddmlib-25.2.1.jar
7fdc90050000-7fdc90053000 r--s 00021000 08:16 3079008                    /home/icaro/.local/share/umake/android/android-studio/gradle/m2repository/com/android/tools/build/manifest-merger/25.2.1/manifest-merger-25.2.1.jar
7fdc90053000-7fdc90055000 r--s 0001c000 08:16 3079040                    /home/icaro/.local/share/umake/android/android-studio/gradle/m2repository/com/android/tools/common/25.2.1/common-25.2.1.jar
7fdc90055000-7fdc9005e000 r--s 00083000 08:16 3079019                    /home/icaro/.local/share/umake/android/android-studio/gradle/m2repository/com/android/tools/sdk-common/25.2.1/sdk-common-25.2.1.jar
7fdc9005e000-7fdc90069000 r--s 0008e000 08:16 3079039                    /home/icaro/.local/share/umake/android/android-studio/gradle/m2repository/com/android/tools/sdklib/25.2.1/sdklib-25.2.1.jar
7fdc90069000-7fdc9006a000 r--s 00002000 08:16 3079002                    /home/icaro/.local/share/umake/android/android-studio/gradle/m2repository/com/android/tools/build/builder-test-api/2.2.1/builder-test-api-2.2.1.jar
7fdc9006a000-7fdc9006d000 r--s 00005000 08:16 3079012                    /home/icaro/.local/share/umake/android/android-studio/gradle/m2repository/com/android/tools/build/builder-model/2.2.1/builder-model-2.2.1.jar
7fdc9006d000-7fdc90075000 r--s 0007b000 08:16 3078574                    /home/icaro/.local/share/umake/android/android-studio/gradle/m2repository/com/google/protobuf/protobuf-java/2.5.0/protobuf-java-2.5.0.jar
7fdc90075000-7fdc90077000 r--s 0000f000 08:16 3078827                    /home/icaro/.local/share/umake/android/android-studio/gradle/m2repository/net/sf/jopt-simple/jopt-simple/4.9/jopt-simple-4.9.jar
7fdc90077000-7fdc9007b000 r--s 0001f000 08:16 3078497                    /home/icaro/.local/share/umake/android/android-studio/gradle/m2repository/org/jacoco/org.jacoco.report/0.7.5.201505241946/org.jacoco.report-0.7.5.201505241946.jar
7fdc9007b000-7fdc9007f000 r--s 0001d000 08:16 3078489                    /home/icaro/.local/share/umake/android/android-studio/gradle/m2repository/org/jacoco/org.jacoco.core/0.7.5.201505241946/org.jacoco.core-0.7.5.201505241946.jar
7fdc9007f000-7fdc90080000 r--s 00002000 08:16 3078849                    /home/icaro/.local/share/umake/android/android-studio/gradle/m2repository/net/sf/proguard/proguard-gradle/5.2.1/proguard-gradle-5.2.1.jar
7fdc90080000-7fdc90082000 r--s 00009000 08:16 3078416                    /home/icaro/.local/share/umake/android/android-studio/gradle/m2repository/org/ow2/asm/asm-commons/5.0.4/asm-commons-5.0.4.jar
7fdc90082000-7fdc90084000 r--s 0000c000 08:16 3078435                    /home/icaro/.local/share/umake/android/android-studio/gradle/m2repository/org/ow2/asm/asm/5.0.4/asm-5.0.4.jar
7fdc90084000-7fdc90088000 r--s 0002b000 08:16 3027334                    /home/icaro/.local/share/umake/android/android-studio/gradle/m2repository/com/android/databinding/compilerCommon/2.2.1/compilerCommon-2.2.1.jar
7fdc90088000-7fdc90089000 r--s 00002000 08:16 3079005                    /home/icaro/.local/share/umake/android/android-studio/gradle/m2repository/com/android/tools/build/gradle-api/2.2.1/gradle-api-2.2.1.jar
7fdc90089000-7fdc9008a000 r--s 00000000 08:16 3078185                    /home/icaro/.local/share/umake/android/android-studio/gradle/m2repository/com/android/tools/build/transform-api/2.0.0-deprecated-use-gradle-api/transform-api-2.0.0-deprecated-use-gradle-api.jar
7fdc9008a000-7fdc9008f000 r--s 00053000 08:16 3079034                    /home/icaro/.local/share/umake/android/android-studio/gradle/m2repository/com/android/tools/lint/lint/25.2.1/lint-25.2.1.jar
7fdc9008f000-7fdc900a6000 r--s 0015d000 08:16 3079000                    /home/icaro/.local/share/umake/android/android-studio/gradle/m2repository/com/android/tools/build/builder/2.2.1/builder-2.2.1.jar
7fdc900a6000-7fdc900c2000 r--s 0019d000 08:16 3079011                    /home/icaro/.local/share/umake/android/android-studio/gradle/m2repository/com/android/tools/build/gradle-core/2.2.1/gradle-core-2.2.1.jar
7fdc900c2000-7fdc900c4000 r--s 0000d000 08:16 3079015                    /home/icaro/.local/share/umake/android/android-studio/gradle/m2repository/com/android/tools/build/gradle/2.2.1/gradle-2.2.1.jar
7fdc900c4000-7fdc900c5000 r--s 00006000 08:16 433915                     /home/icaro/.gradle/caches/modules-2/files-2.1/com.google.gms/google-services/3.0.0/ee538ce9cf4148485e43017c5542202b8c78ff8e/google-services-3.0.0.jar
7fdc900c5000-7fdc902c5000 rw-p 00000000 00:00 0 
7fdc902fd000-7fdc902fe000 rw-p 00000000 00:00 0 
7fdc902fe000-7fdc902ff000 r--p 00000000 00:00 0 
7fdc902ff000-7fdc904ff000 rw-p 00000000 00:00 0 
7fdc904ff000-7fdc906ff000 rw-p 00000000 00:00 0 
7fdc906ff000-7fdc908ff000 rw-p 00000000 00:00 0 
7fdc908ff000-7fdc90aff000 rw-p 00000000 00:00 0 
7fdc90aff000-7fdc90b78000 r--s 010e9000 08:16 527806                     /usr/lib/jvm/java-8-openjdk-amd64/lib/tools.jar
7fdc90b78000-7fdc90d78000 rw-p 00000000 00:00 0 
7fdc90d78000-7fdc90d7b000 ---p 00000000 00:00 0 
7fdc90d7b000-7fdc90e79000 rw-p 00000000 00:00 0 
7fdc90e79000-7fdc90e7c000 ---p 00000000 00:00 0 
7fdc90e7c000-7fdc90f7a000 rw-p 00000000 00:00 0 
7fdc90f7a000-7fdc90f7d000 ---p 00000000 00:00 0 
7fdc90f7d000-7fdc9107b000 rw-p 00000000 00:00 0 
7fdc9107b000-7fdc9107e000 ---p 00000000 00:00 0 
7fdc9107e000-7fdc9117c000 rw-p 00000000 00:00 0 
7fdc9117c000-7fdc9117f000 ---p 00000000 00:00 0 
7fdc9117f000-7fdc9127d000 rw-p 00000000 00:00 0 
7fdc9127d000-7fdc91280000 ---p 00000000 00:00 0 
7fdc91280000-7fdc9137e000 rw-p 00000000 00:00 0 
7fdc9137e000-7fdc91381000 ---p 00000000 00:00 0 
7fdc91381000-7fdc9147f000 rw-p 00000000 00:00 0 
7fdc9147f000-7fdc91486000 r--s 00000000 08:16 3149167                    /usr/lib/x86_64-linux-gnu/gconv/gconv-modules.cache
7fdc91486000-7fdc91686000 rw-p 00000000 00:00 0 
7fdc91686000-7fdc91689000 ---p 00000000 00:00 0 
7fdc91689000-7fdc91787000 rw-p 00000000 00:00 0 
7fdc91787000-7fdc91790000 r-xp 00000000 08:16 1451378                    /usr/lib/jvm/java-8-openjdk-amd64/jre/lib/amd64/libmanagement.so
7fdc91790000-7fdc9198f000 ---p 00009000 08:16 1451378                    /usr/lib/jvm/java-8-openjdk-amd64/jre/lib/amd64/libmanagement.so
7fdc9198f000-7fdc91990000 r--p 00008000 08:16 1451378                    /usr/lib/jvm/java-8-openjdk-amd64/jre/lib/amd64/libmanagement.so
7fdc91990000-7fdc91991000 rw-p 00009000 08:16 1451378                    /usr/lib/jvm/java-8-openjdk-amd64/jre/lib/amd64/libmanagement.so
7fdc91991000-7fdc91995000 r--s 00097000 08:16 1315213                    /usr/lib/jvm/java-8-openjdk-amd64/jre/lib/jsse.jar
7fdc91995000-7fdc91997000 r--s 00007000 08:16 63151                      /home/icaro/.gradle/wrapper/dists/gradle-2.14.1-all/8bnwg5hd3w55iofp58khbp6yv/gradle-2.14.1/lib/plugins/gradle-tooling-api-builders-2.14.1.jar
7fdc91997000-7fdc9199a000 r--s 00008000 08:16 63144                      /home/icaro/.gradle/wrapper/dists/gradle-2.14.1-all/8bnwg5hd3w55iofp58khbp6yv/gradle-2.14.1/lib/plugins/gradle-testing-native-2.14.1.jar
7fdc9199a000-7fdc9199c000 r--s 00009000 08:16 63223                      /home/icaro/.gradle/wrapper/dists/gradle-2.14.1-all/8bnwg5hd3w55iofp58khbp6yv/gradle-2.14.1/lib/plugins/hamcrest-core-1.3.jar
7fdc9199c000-7fdc919a2000 r--s 00033000 08:16 63217                      /home/icaro/.gradle/wrapper/dists/gradle-2.14.1-all/8bnwg5hd3w55iofp58khbp6yv/gradle-2.14.1/lib/plugins/snakeyaml-1.6.jar
7fdc919a2000-7fdc919a4000 r--s 00006000 08:16 63216                      /home/icaro/.gradle/wrapper/dists/gradle-2.14.1-all/8bnwg5hd3w55iofp58khbp6yv/gradle-2.14.1/lib/plugins/jcommander-1.12.jar
7fdc919a4000-7fdc919a9000 r--s 00040000 08:16 63215                      /home/icaro/.gradle/wrapper/dists/gradle-2.14.1-all/8bnwg5hd3w55iofp58khbp6yv/gradle-2.14.1/lib/plugins/bsh-2.0b4.jar
7fdc919a9000-7fdc919b2000 r--s 00089000 08:16 63174                      /home/icaro/.gradle/wrapper/dists/gradle-2.14.1-all/8bnwg5hd3w55iofp58khbp6yv/gradle-2.14.1/lib/plugins/testng-6.3.1.jar
7fdc919b2000-7fdc919ba000 r--s 00045000 08:16 63173                      /home/icaro/.gradle/wrapper/dists/gradle-2.14.1-all/8bnwg5hd3w55iofp58khbp6yv/gradle-2.14.1/lib/plugins/junit-4.12.jar
7fdc919ba000-7fdc919c0000 r--s 0002e000 08:16 63145                      /home/icaro/.gradle/wrapper/dists/gradle-2.14.1-all/8bnwg5hd3w55iofp58khbp6yv/gradle-2.14.1/lib/plugins/gradle-testing-jvm-2.14.1.jar
7fdc919c0000-7fdc919c5000 r--s 00015000 08:16 63143                      /home/icaro/.gradle/wrapper/dists/gradle-2.14.1-all/8bnwg5hd3w55iofp58khbp6yv/gradle-2.14.1/lib/plugins/gradle-testing-base-2.14.1.jar
7fdc919c5000-7fdc919c6000 r--s 00002000 08:16 63167                      /home/icaro/.gradle/wrapper/dists/gradle-2.14.1-all/8bnwg5hd3w55iofp58khbp6yv/gradle-2.14.1/lib/plugins/sonar-batch-bootstrapper-2.9.jar
7fdc919c6000-7fdc919c9000 r--s 00015000 08:16 63121                      /home/icaro/.gradle/wrapper/dists/gradle-2.14.1-all/8bnwg5hd3w55iofp58khbp6yv/gradle-2.14.1/lib/plugins/gradle-sonar-2.14.1.jar
7fdc919c9000-7fdc919d0000 r--s 00038000 08:16 63168                      /home/icaro/.gradle/wrapper/dists/gradle-2.14.1-all/8bnwg5hd3w55iofp58khbp6yv/gradle-2.14.1/lib/plugins/bcpg-jdk15on-1.51.jar
7fdc919d0000-7fdc919d2000 r--s 0000d000 08:16 63122                      /home/icaro/.gradle/wrapper/dists/gradle-2.14.1-all/8bnwg5hd3w55iofp58khbp6yv/gradle-2.14.1/lib/plugins/gradle-signing-2.14.1.jar
7fdc919d2000-7fdc919d5000 r--s 00009000 08:16 63120                      /home/icaro/.gradle/wrapper/dists/gradle-2.14.1-all/8bnwg5hd3w55iofp58khbp6yv/gradle-2.14.1/lib/plugins/gradle-scala-2.14.1.jar
7fdc919d5000-7fdc919d6000 r--s 00004000 08:16 63149                      /home/icaro/.gradle/wrapper/dists/gradle-2.14.1-all/8bnwg5hd3w55iofp58khbp6yv/gradle-2.14.1/lib/plugins/gradle-resources-sftp-2.14.1.jar
7fdc919d6000-7fdc919e6000 r--s 00088000 08:16 63184                      /home/icaro/.gradle/wrapper/dists/gradle-2.14.1-all/8bnwg5hd3w55iofp58khbp6yv/gradle-2.14.1/lib/plugins/joda-time-2.8.2.jar
7fdc919e6000-7fdc919f7000 r--s 000cf000 08:16 63183                      /home/icaro/.gradle/wrapper/dists/gradle-2.14.1-all/8bnwg5hd3w55iofp58khbp6yv/gradle-2.14.1/lib/plugins/jackson-databind-2.3.2.jar
7fdc919f7000-7fdc919f9000 r--s 00007000 08:16 63182                      /home/icaro/.gradle/wrapper/dists/gradle-2.14.1-all/8bnwg5hd3w55iofp58khbp6yv/gradle-2.14.1/lib/plugins/jackson-annotations-2.3.2.jar
7fdc919f9000-7fdc919fc000 r--s 0002e000 08:16 63181                      /home/icaro/.gradle/wrapper/dists/gradle-2.14.1-all/8bnwg5hd3w55iofp58khbp6yv/gradle-2.14.1/lib/plugins/jackson-core-2.3.2.jar
7fdc919fc000-7fdc91a07000 r--s 0006b000 08:16 63180                      /home/icaro/.gradle/wrapper/dists/gradle-2.14.1-all/8bnwg5hd3w55iofp58khbp6yv/gradle-2.14.1/lib/plugins/aws-java-sdk-core-1.9.19.jar
7fdc91a07000-7fdc91a0d000 r--s 00036000 08:16 63179                      /home/icaro/.gradle/wrapper/dists/gradle-2.14.1-all/8bnwg5hd3w55iofp58khbp6yv/gradle-2.14.1/lib/plugins/aws-java-sdk-kms-1.9.19.jar
7fdc91a0d000-7fdc91a18000 r--s 00079000 08:16 63178                      /home/icaro/.gradle/wrapper/dists/gradle-2.14.1-all/8bnwg5hd3w55iofp58khbp6yv/gradle-2.14.1/lib/plugins/aws-java-sdk-s3-1.9.19.jar
7fdc91a18000-7fdc91a19000 r--s 00003000 08:16 63150                      /home/icaro/.gradle/wrapper/dists/gradle-2.14.1-all/8bnwg5hd3w55iofp58khbp6yv/gradle-2.14.1/lib/plugins/gradle-resources-s3-2.14.1.jar
7fdc91a19000-7fdc91a1b000 r--s 00005000 08:16 63172                      /home/icaro/.gradle/wrapper/dists/gradle-2.14.1-all/8bnwg5hd3w55iofp58khbp6yv/gradle-2.14.1/lib/plugins/jatl-0.2.2.jar
7fdc91a1b000-7fdc91a1d000 r--s 0000f000 08:16 63127                      /home/icaro/.gradle/wrapper/dists/gradle-2.14.1-all/8bnwg5hd3w55iofp58khbp6yv/gradle-2.14.1/lib/plugins/gradle-reporting-2.14.1.jar
7fdc91a1d000-7fdc91a1f000 r--s 00002000 08:16 63128                      /home/icaro/.gradle/wrapper/dists/gradle-2.14.1-all/8bnwg5hd3w55iofp58khbp6yv/gradle-2.14.1/lib/plugins/gradle-publish-2.14.1.jar
7fdc91a1f000-7fdc91a21000 r--s 00009000 08:16 63154                      /home/icaro/.gradle/wrapper/dists/gradle-2.14.1-all/8bnwg5hd3w55iofp58khbp6yv/gradle-2.14.1/lib/plugins/commons-cli-1.2.jar
7fdc91a21000-7fdc91a27000 r--s 00033000 08:16 63112                      /home/icaro/.gradle/wrapper/dists/gradle-2.14.1-all/8bnwg5hd3w55iofp58khbp6yv/gradle-2.14.1/lib/plugins/gradle-plugins-2.14.1.jar
7fdc91a27000-7fdc91a29000 r--s 00007000 08:16 63146                      /home/icaro/.gradle/wrapper/dists/gradle-2.14.1-all/8bnwg5hd3w55iofp58khbp6yv/gradle-2.14.1/lib/plugins/gradle-plugin-development-2.14.1.jar
7fdc91a29000-7fdc91a2f000 r--s 0002a000 08:16 63139                      /home/icaro/.gradle/wrapper/dists/gradle-2.14.1-all/8bnwg5hd3w55iofp58khbp6yv/gradle-2.14.1/lib/plugins/gradle-platform-play-2.14.1.jar
7fdc91a2f000-7fdc91a3c000 r--s 0004d000 08:16 63138                      /home/icaro/.gradle/wrapper/dists/gradle-2.14.1-all/8bnwg5hd3w55iofp58khbp6yv/gradle-2.14.1/lib/plugins/gradle-platform-native-2.14.1.jar
7fdc91a3c000-7fdc91a40000 r--s 0001a000 08:16 63133                      /home/icaro/.gradle/wrapper/dists/gradle-2.14.1-all/8bnwg5hd3w55iofp58khbp6yv/gradle-2.14.1/lib/plugins/gradle-platform-jvm-2.14.1.jar
7fdc91a40000-7fdc91a47000 r--s 00029000 08:16 63132                      /home/icaro/.gradle/wrapper/dists/gradle-2.14.1-all/8bnwg5hd3w55iofp58khbp6yv/gradle-2.14.1/lib/plugins/gradle-platform-base-2.14.1.jar
7fdc91a47000-7fdc91a68000 r--s 001c3000 08:16 63162                      /home/icaro/.gradle/wrapper/dists/gradle-2.14.1-all/8bnwg5hd3w55iofp58khbp6yv/gradle-2.14.1/lib/plugins/bndlib-2.4.0.jar
7fdc91a68000-7fdc91a6a000 r--s 00003000 08:16 63116                      /home/icaro/.gradle/wrapper/dists/gradle-2.14.1-all/8bnwg5hd3w55iofp58khbp6yv/gradle-2.14.1/lib/plugins/gradle-osgi-2.14.1.jar
7fdc91a6a000-7fdc91a6d000 r--s 0000c000 08:16 63165                      /home/icaro/.gradle/wrapper/dists/gradle-2.14.1-all/8bnwg5hd3w55iofp58khbp6yv/gradle-2.14.1/lib/plugins/pmaven-groovy-0.8-20100325.jar
7fdc91a6d000-7fdc91a6e000 r--s 00004000 08:16 63164                      /home/icaro/.gradle/wrapper/dists/gradle-2.14.1-all/8bnwg5hd3w55iofp58khbp6yv/gradle-2.14.1/lib/plugins/pmaven-common-0.8-20100325.jar
7fdc91a6e000-7fdc91a74000 r--s 00022000 08:16 63117                      /home/icaro/.gradle/wrapper/dists/gradle-2.14.1-all/8bnwg5hd3w55iofp58khbp6yv/gradle-2.14.1/lib/plugins/gradle-maven-2.14.1.jar
7fdc91a74000-7fdc91a76000 r--s 0000a000 08:16 63137                      /home/icaro/.gradle/wrapper/dists/gradle-2.14.1-all/8bnwg5hd3w55iofp58khbp6yv/gradle-2.14.1/lib/plugins/gradle-language-scala-2.14.1.jar
7fdc91a76000-7fdc91a7c000 r--s 0001a000 08:16 63141                      /home/icaro/.gradle/wrapper/dists/gradle-2.14.1-all/8bnwg5hd3w55iofp58khbp6yv/gradle-2.14.1/lib/plugins/gradle-language-native-2.14.1.jar
7fdc91a7c000-7fdc91a7e000 r--s 00008000 08:16 63134                      /home/icaro/.gradle/wrapper/dists/gradle-2.14.1-all/8bnwg5hd3w55iofp58khbp6yv/gradle-2.14.1/lib/plugins/gradle-language-jvm-2.14.1.jar
7fdc91a7e000-7fdc91a84000 r--s 00024000 08:16 63135                      /home/icaro/.gradle/wrapper/dists/gradle-2.14.1-all/8bnwg5hd3w55iofp58khbp6yv/gradle-2.14.1/lib/plugins/gradle-language-java-2.14.1.jar
7fdc91a84000-7fdc91a86000 r--s 0000a000 08:16 63136                      /home/icaro/.gradle/wrapper/dists/gradle-2.14.1-all/8bnwg5hd3w55iofp58khbp6yv/gradle-2.14.1/lib/plugins/gradle-language-groovy-2.14.1.jar
7fdc91a86000-7fdc91a89000 r--s 0001e000 08:16 63190                      /home/icaro/.gradle/wrapper/dists/gradle-2.14.1-all/8bnwg5hd3w55iofp58khbp6yv/gradle-2.14.1/lib/plugins/jsp-api-2.1-6.1.14.jar
7fdc91a89000-7fdc91aac000 r--s 00344000 08:16 63189                      /home/icaro/.gradle/wrapper/dists/gradle-2.14.1-all/8bnwg5hd3w55iofp58khbp6yv/gradle-2.14.1/lib/plugins/core-3.1.1.jar
7fdc91aac000-7fdc91aad000 r--s 00006000 08:16 63188                      /home/icaro/.gradle/wrapper/dists/gradle-2.14.1-all/8bnwg5hd3w55iofp58khbp6yv/gradle-2.14.1/lib/plugins/jetty-naming-6.1.25.jar
7fdc91aad000-7fdc91aae000 r--s 00002000 08:16 63161                      /home/icaro/.gradle/wrapper/dists/gradle-2.14.1-all/8bnwg5hd3w55iofp58khbp6yv/gradle-2.14.1/lib/plugins/geronimo-annotation_1.0_spec-1.0.jar
7fdc91aae000-7fdc91ab0000 r--s 00002000 08:16 63160                      /home/icaro/.gradle/wrapper/dists/gradle-2.14.1-all/8bnwg5hd3w55iofp58khbp6yv/gradle-2.14.1/lib/plugins/jetty-annotations-6.1.25.jar
7fdc91ab0000-7fdc91ac1000 r--s 000ea000 08:16 63159                      /home/icaro/.gradle/wrapper/dists/gradle-2.14.1-all/8bnwg5hd3w55iofp58khbp6yv/gradle-2.14.1/lib/plugins/jsp-2.1-6.1.14.jar
7fdc91ac1000-7fdc91ac3000 r--s 0000d000 08:16 63158                      /home/icaro/.gradle/wrapper/dists/gradle-2.14.1-all/8bnwg5hd3w55iofp58khbp6yv/gradle-2.14.1/lib/plugins/jetty-plus-6.1.25.jar
7fdc91ac3000-7fdc91ac5000 r--s 0001f000 08:16 63157                      /home/icaro/.gradle/wrapper/dists/gradle-2.14.1-all/8bnwg5hd3w55iofp58khbp6yv/gradle-2.14.1/lib/plugins/servlet-api-2.5-20081211.jar
7fdc91ac5000-7fdc91ac9000 r--s 00028000 08:16 63156                      /home/icaro/.gradle/wrapper/dists/gradle-2.14.1-all/8bnwg5hd3w55iofp58khbp6yv/gradle-2.14.1/lib/plugins/jetty-util-6.1.25.jar
7fdc91ac9000-7fdc91ad0000 r--s 0007d000 08:16 63155                      /home/icaro/.gradle/wrapper/dists/gradle-2.14.1-all/8bnwg5hd3w55iofp58khbp6yv/gradle-2.14.1/lib/plugins/jetty-6.1.25.jar
7fdc91ad0000-7fdc91ad2000 r--s 00009000 08:16 63114                      /home/icaro/.gradle/wrapper/dists/gradle-2.14.1-all/8bnwg5hd3w55iofp58khbp6yv/gradle-2.14.1/lib/plugins/gradle-jetty-2.14.1.jar
7fdc91ad2000-7fdc91ad9000 r--s 00035000 08:16 63171                      /home/icaro/.gradle/wrapper/dists/gradle-2.14.1-all/8bnwg5hd3w55iofp58khbp6yv/gradle-2.14.1/lib/plugins/simple-4.1.21.jar
7fdc91ad9000-7fdc91ae5000 r--s 00100000 08:16 63169                      /home/icaro/.gradle/wrapper/dists/gradle-2.14.1-all/8bnwg5hd3w55iofp58khbp6yv/gradle-2.14.1/lib/plugins/rhino-1.7R3.jar
7fdc91ae5000-7fdc91ae9000 r--s 00011000 08:16 63124                      /home/icaro/.gradle/wrapper/dists/gradle-2.14.1-all/8bnwg5hd3w55iofp58khbp6yv/gradle-2.14.1/lib/plugins/gradle-javascript-2.14.1.jar
7fdc91ae9000-7fdc91aeb000 r--s 0000c000 08:16 63130                      /home/icaro/.gradle/wrapper/dists/gradle-2.14.1-all/8bnwg5hd3w55iofp58khbp6yv/gradle-2.14.1/lib/plugins/gradle-jacoco-2.14.1.jar
7fdc91aeb000-7fdc91aee000 r--s 0000e000 08:16 63129                      /home/icaro/.gradle/wrapper/dists/gradle-2.14.1-all/8bnwg5hd3w55iofp58khbp6yv/gradle-2.14.1/lib/plugins/gradle-ivy-2.14.1.jar
7fdc91aee000-7fdc91aef000 r--s 00002000 08:16 63140                      /home/icaro/.gradle/wrapper/dists/gradle-2.14.1-all/8bnwg5hd3w55iofp58khbp6yv/gradle-2.14.1/lib/plugins/gradle-ide-play-2.14.1.jar
7fdc91aef000-7fdc91af4000 r--s 0002b000 08:16 63142                      /home/icaro/.gradle/wrapper/dists/gradle-2.14.1-all/8bnwg5hd3w55iofp58khbp6yv/gradle-2.14.1/lib/plugins/gradle-ide-native-2.14.1.jar
7fdc91af4000-7fdc91aff000 r--s 00066000 08:16 63118                      /home/icaro/.gradle/wrapper/dists/gradle-2.14.1-all/8bnwg5hd3w55iofp58khbp6yv/gradle-2.14.1/lib/plugins/gradle-ide-2.14.1.jar
7fdc91aff000-7fdc91b00000 r--s 00008000 08:16 63123                      /home/icaro/.gradle/wrapper/dists/gradle-2.14.1-all/8bnwg5hd3w55iofp58khbp6yv/gradle-2.14.1/lib/plugins/gradle-ear-2.14.1.jar
7fdc91b00000-7fdc91b06000 r--s 00032000 08:16 63126                      /home/icaro/.gradle/wrapper/dists/gradle-2.14.1-all/8bnwg5hd3w55iofp58khbp6yv/gradle-2.14.1/lib/plugins/gradle-diagnostics-2.14.1.jar
7fdc91b06000-7fdc91b0a000 r--s 00021000 08:16 63113                      /home/icaro/.gradle/wrapper/dists/gradle-2.14.1-all/8bnwg5hd3w55iofp58khbp6yv/gradle-2.14.1/lib/plugins/gradle-code-quality-2.14.1.jar
7fdc91b0a000-7fdc91b0e000 r--s 0001f000 08:16 63131                      /home/icaro/.gradle/wrapper/dists/gradle-2.14.1-all/8bnwg5hd3w55iofp58khbp6yv/gradle-2.14.1/lib/plugins/gradle-build-init-2.14.1.jar
7fdc91b0e000-7fdc91b15000 r--s 0008e000 08:16 63125                      /home/icaro/.gradle/wrapper/dists/gradle-2.14.1-all/8bnwg5hd3w55iofp58khbp6yv/gradle-2.14.1/lib/plugins/gradle-build-comparison-2.14.1.jar
7fdc91b15000-7fdc91b17000 r--s 00008000 08:16 63115                      /home/icaro/.gradle/wrapper/dists/gradle-2.14.1-all/8bnwg5hd3w55iofp58khbp6yv/gradle-2.14.1/lib/plugins/gradle-antlr-2.14.1.jar
7fdc91b17000-7fdc91b19000 r--s 00004000 08:16 63119                      /home/icaro/.gradle/wrapper/dists/gradle-2.14.1-all/8bnwg5hd3w55iofp58khbp6yv/gradle-2.14.1/lib/plugins/gradle-announce-2.14.1.jar
7fdc91b19000-7fdc91b31000 r--s 00115000 08:16 63220                      /home/icaro/.gradle/wrapper/dists/gradle-2.14.1-all/8bnwg5hd3w55iofp58khbp6yv/gradle-2.14.1/lib/plugins/xercesImpl-2.9.1.jar
7fdc91b31000-7fdc91b39000 r--s 00028000 08:16 63221                      /home/icaro/.gradle/wrapper/dists/gradle-2.14.1-all/8bnwg5hd3w55iofp58khbp6yv/gradle-2.14.1/lib/plugins/xml-apis-1.3.04.jar
7fdc91b39000-7fdc91b3f000 r--s 0005b000 08:16 63219                      /home/icaro/.gradle/wrapper/dists/gradle-2.14.1-all/8bnwg5hd3w55iofp58khbp6yv/gradle-2.14.1/lib/plugins/jcifs-1.3.17.jar
7fdc91b3f000-7fdc91b46000 r--s 00049000 08:16 63218                      /home/icaro/.gradle/wrapper/dists/gradle-2.14.1-all/8bnwg5hd3w55iofp58khbp6yv/gradle-2.14.1/lib/plugins/httpcore-4.4.4.jar
7fdc91b46000-7fdc91b4c000 r--s 00033000 08:16 63166                      /home/icaro/.gradle/wrapper/dists/gradle-2.14.1-all/8bnwg5hd3w55iofp58khbp6yv/gradle-2.14.1/lib/plugins/commons-codec-1.6.jar
7fdc91b4c000-7fdc91b4f000 r--s 0001c000 08:16 63176                      /home/icaro/.gradle/wrapper/dists/gradle-2.14.1-all/8bnwg5hd3w55iofp58khbp6yv/gradle-2.14.1/lib/plugins/nekohtml-1.9.14.jar
7fdc91b4f000-7fdc91b5c000 r--s 000a4000 08:16 63175                      /home/icaro/.gradle/wrapper/dists/gradle-2.14.1-all/8bnwg5hd3w55iofp58khbp6yv/gradle-2.14.1/lib/plugins/httpclient-4.4.1.jar
7fdc91b5c000-7fdc91b5e000 r--s 0000a000 08:16 63148                      /home/icaro/.gradle/wrapper/dists/gradle-2.14.1-all/8bnwg5hd3w55iofp58khbp6yv/gradle-2.14.1/lib/plugins/gradle-resources-http-2.14.1.jar
7fdc91b5e000-7fdc91b62000 r--s 00014000 08:16 63147                      /home/icaro/.gradle/wrapper/dists/gradle-2.14.1-all/8bnwg5hd3w55iofp58khbp6yv/gradle-2.14.1/lib/plugins/gradle-plugin-use-2.14.1.jar
7fdc91b62000-7fdc91b63000 r--s 00000000 08:16 63064                      /home/icaro/.gradle/wrapper/dists/gradle-2.14.1-all/8bnwg5hd3w55iofp58khbp6yv/gradle-2.14.1/lib/gradle-installation-beacon-2.14.1.jar
7fdc91b63000-7fdc91b64000 r--s 00007000 08:16 63214                      /home/icaro/.gradle/wrapper/dists/gradle-2.14.1-all/8bnwg5hd3w55iofp58khbp6yv/gradle-2.14.1/lib/plugins/wagon-http-shared4-2.4.jar
7fdc91b64000-7fdc91b68000 r--s 00033000 08:16 63213                      /home/icaro/.gradle/wrapper/dists/gradle-2.14.1-all/8bnwg5hd3w55iofp58khbp6yv/gradle-2.14.1/lib/plugins/plexus-utils-2.0.6.jar
7fdc91b68000-7fdc91b6c000 r--s 00021000 08:16 63212                      /home/icaro/.gradle/wrapper/dists/gradle-2.14.1-all/8bnwg5hd3w55iofp58khbp6yv/gradle-2.14.1/lib/plugins/maven-model-builder-3.0.4.jar
7fdc91b6c000-7fdc91b6d000 r--s 00002000 08:16 63211                      /home/icaro/.gradle/wrapper/dists/gradle-2.14.1-all/8bnwg5hd3w55iofp58khbp6yv/gradle-2.14.1/lib/plugins/wagon-file-2.4.jar
7fdc91b6d000-7fdc91b6f000 r--s 00002000 08:16 63210                      /home/icaro/.gradle/wrapper/dists/gradle-2.14.1-all/8bnwg5hd3w55iofp58khbp6yv/gradle-2.14.1/lib/plugins/plexus-cipher-1.7.jar
7fdc91b6f000-7fdc91b72000 r--s 00013000 08:16 63209                      /home/icaro/.gradle/wrapper/dists/gradle-2.14.1-all/8bnwg5hd3w55iofp58khbp6yv/gradle-2.14.1/lib/plugins/aether-api-1.13.1.jar
7fdc91b72000-7fdc91b74000 r--s 0000a000 08:16 63208                      /home/icaro/.gradle/wrapper/dists/gradle-2.14.1-all/8bnwg5hd3w55iofp58khbp6yv/gradle-2.14.1/lib/plugins/maven-settings-3.0.4.jar
7fdc91b74000-7fdc91b76000 r--s 0000d000 08:16 63207                      /home/icaro/.gradle/wrapper/dists/gradle-2.14.1-all/8bnwg5hd3w55iofp58khbp6yv/gradle-2.14.1/lib/plugins/plexus-interpolation-1.14.jar
7fdc91b76000-7fdc91b78000 r--s 0000b000 08:16 63206                      /home/icaro/.gradle/wrapper/dists/gradle-2.14.1-all/8bnwg5hd3w55iofp58khbp6yv/gradle-2.14.1/lib/plugins/maven-artifact-3.0.4.jar
7fdc91b78000-7fdc91b7f000 r--s 0002e000 08:16 63205                      /home/icaro/.gradle/wrapper/dists/gradle-2.14.1-all/8bnwg5hd3w55iofp58khbp6yv/gradle-2.14.1/lib/plugins/plexus-container-default-1.5.5.jar
7fdc91b7f000-7fdc91b81000 r--s 0000b000 08:16 63204                      /home/icaro/.gradle/wrapper/dists/gradle-2.14.1-all/8bnwg5hd3w55iofp58khbp6yv/gradle-2.14.1/lib/plugins/maven-plugin-api-3.0.4.jar
7fdc91b81000-7fdc91b83000 r--s 00000000 08:16 63222                      /home/icaro/.gradle/wrapper/dists/gradle-2.14.1-all/8bnwg5hd3w55iofp58khbp6yv/gradle-2.14.1/lib/plugins/plexus-component-annotations-1.5.5.jar
7fdc91b83000-7fdc91b89000 r--s 0003f000 08:16 63203                      /home/icaro/.gradle/wrapper/dists/gradle-2.14.1-all/8bnwg5hd3w55iofp58khbp6yv/gradle-2.14.1/lib/plugins/maven-compat-3.0.4.jar
7fdc91b89000-7fdc91b8c000 r--s 00008000 08:16 63202                      /home/icaro/.gradle/wrapper/dists/gradle-2.14.1-all/8bnwg5hd3w55iofp58khbp6yv/gradle-2.14.1/lib/plugins/maven-settings-builder-3.0.4.jar
7fdc91b8c000-7fdc91b8d000 r--s 00002000 08:16 63201                      /home/icaro/.gradle/wrapper/dists/gradle-2.14.1-all/8bnwg5hd3w55iofp58khbp6yv/gradle-2.14.1/lib/plugins/wagon-http-2.4.jar
7fdc91b8d000-7fdc91b8f000 r--s 00026000 08:16 63200                      /home/icaro/.gradle/wrapper/dists/gradle-2.14.1-all/8bnwg5hd3w55iofp58khbp6yv/gradle-2.14.1/lib/plugins/maven-model-3.0.4.jar
7fdc91b8f000-7fdc91b91000 r--s 00006000 08:16 63199                      /home/icaro/.gradle/wrapper/dists/gradle-2.14.1-all/8bnwg5hd3w55iofp58khbp6yv/gradle-2.14.1/lib/plugins/aether-connector-wagon-1.13.1.jar
7fdc91b91000-7fdc91b93000 r--s 0000a000 08:16 63198                      /home/icaro/.gradle/wrapper/dists/gradle-2.14.1-all/8bnwg5hd3w55iofp58khbp6yv/gradle-2.14.1/lib/plugins/plexus-classworlds-2.4.jar
7fdc91b93000-7fdc91b95000 r--s 00006000 08:16 63197                      /home/icaro/.gradle/wrapper/dists/gradle-2.14.1-all/8bnwg5hd3w55iofp58khbp6yv/gradle-2.14.1/lib/plugins/maven-repository-metadata-3.0.4.jar
7fdc91b95000-7fdc91b97000 r--s 0000c000 08:16 63196                      /home/icaro/.gradle/wrapper/dists/gradle-2.14.1-all/8bnwg5hd3w55iofp58khbp6yv/gradle-2.14.1/lib/plugins/maven-aether-provider-3.0.4.jar
7fdc91b97000-7fdc91b99000 r--s 0000b000 08:16 63195                      /home/icaro/.gradle/wrapper/dists/gradle-2.14.1-all/8bnwg5hd3w55iofp58khbp6yv/gradle-2.14.1/lib/plugins/wagon-provider-api-2.4.jar
7fdc91b99000-7fdc91b9a000 r--s 00003000 08:16 63194                      /home/icaro/.gradle/wrapper/dists/gradle-2.14.1-all/8bnwg5hd3w55iofp58khbp6yv/gradle-2.14.1/lib/plugins/aether-spi-1.13.1.jar
7fdc91b9a000-7fdc91b9e000 r--s 0001c000 08:16 63193                      /home/icaro/.gradle/wrapper/dists/gradle-2.14.1-all/8bnwg5hd3w55iofp58khbp6yv/gradle-2.14.1/lib/plugins/aether-util-1.13.1.jar
7fdc91b9e000-7fdc91ba1000 r--s 0001d000 08:16 63192                      /home/icaro/.gradle/wrapper/dists/gradle-2.14.1-all/8bnwg5hd3w55iofp58khbp6yv/gradle-2.14.1/lib/plugins/aether-impl-1.13.1.jar
7fdc91ba1000-7fdc91ba2000 r--s 00006000 08:16 63191                      /home/icaro/.gradle/wrapper/dists/gradle-2.14.1-all/8bnwg5hd3w55iofp58khbp6yv/gradle-2.14.1/lib/plugins/plexus-sec-dispatcher-1.3.jar
7fdc91ba2000-7fdc91ba7000 r--s 00040000 08:16 63177                      /home/icaro/.gradle/wrapper/dists/gradle-2.14.1-all/8bnwg5hd3w55iofp58khbp6yv/gradle-2.14.1/lib/plugins/jsch-0.1.53.jar
7fdc91ba7000-7fdc91be7000 r--s 00277000 08:16 63187                      /home/icaro/.gradle/wrapper/dists/gradle-2.14.1-all/8bnwg5hd3w55iofp58khbp6yv/gradle-2.14.1/lib/plugins/bcprov-jdk15on-1.51.jar
7fdc91be7000-7fdc91beb000 r--s 0001d000 08:16 63186                      /home/icaro/.gradle/wrapper/dists/gradle-2.14.1-all/8bnwg5hd3w55iofp58khbp6yv/gradle-2.14.1/lib/plugins/xbean-reflect-3.4.jar
7fdc91beb000-7fdc91bf7000 r--s 0007d000 08:16 63163                      /home/icaro/.gradle/wrapper/dists/gradle-2.14.1-all/8bnwg5hd3w55iofp58khbp6yv/gradle-2.14.1/lib/plugins/maven-core-3.0.4.jar
7fdc91bf7000-7fdc91bfc000 r--s 0002a000 08:16 63170                      /home/icaro/.gradle/wrapper/dists/gradle-2.14.1-all/8bnwg5hd3w55iofp58khbp6yv/gradle-2.14.1/lib/plugins/gson-2.2.4.jar
7fdc91bfc000-7fdc91c0b000 r--s 000d9000 08:16 63185                      /home/icaro/.gradle/wrapper/dists/gradle-2.14.1-all/8bnwg5hd3w55iofp58khbp6yv/gradle-2.14.1/lib/plugins/ivy-2.2.0.jar
7fdc91c0b000-7fdc91c27000 r--s 000d3000 08:16 63152                      /home/icaro/.gradle/wrapper/dists/gradle-2.14.1-all/8bnwg5hd3w55iofp58khbp6yv/gradle-2.14.1/lib/plugins/gradle-dependency-management-2.14.1.jar
7fdc91c27000-7fdc91c2b000 r-xp 00000000 08:16 1684                       /home/icaro/.gradle/native/19/linux-amd64/libnative-platform.so
7fdc91c2b000-7fdc91e2a000 ---p 00004000 08:16 1684                       /home/icaro/.gradle/native/19/linux-amd64/libnative-platform.so
7fdc91e2a000-7fdc91e2b000 rw-p 00003000 08:16 1684                       /home/icaro/.gradle/native/19/linux-amd64/libnative-platform.so
7fdc91e2b000-7fdc91e3c000 r-xp 00000000 08:16 1451387                    /usr/lib/jvm/java-8-openjdk-amd64/jre/lib/amd64/libnio.so
7fdc91e3c000-7fdc9203c000 ---p 00011000 08:16 1451387                    /usr/lib/jvm/java-8-openjdk-amd64/jre/lib/amd64/libnio.so
7fdc9203c000-7fdc9203d000 r--p 00011000 08:16 1451387                    /usr/lib/jvm/java-8-openjdk-amd64/jre/lib/amd64/libnio.so
7fdc9203d000-7fdc9203e000 rw-p 00012000 08:16 1451387                    /usr/lib/jvm/java-8-openjdk-amd64/jre/lib/amd64/libnio.so
7fdc9203e000-7fdc9233f000 rw-p 00000000 00:00 0 
7fdc9233f000-7fdc92356000 r-xp 00000000 08:16 1446053                    /usr/lib/jvm/java-8-openjdk-amd64/jre/lib/amd64/libnet.so
7fdc92356000-7fdc92555000 ---p 00017000 08:16 1446053                    /usr/lib/jvm/java-8-openjdk-amd64/jre/lib/amd64/libnet.so
7fdc92555000-7fdc92556000 r--p 00016000 08:16 1446053                    /usr/lib/jvm/java-8-openjdk-amd64/jre/lib/amd64/libnet.so
7fdc92556000-7fdc92557000 rw-p 00017000 08:16 1446053                    /usr/lib/jvm/java-8-openjdk-amd64/jre/lib/amd64/libnet.so
7fdc92557000-7fdc92559000 r--s 00005000 08:16 63063                      /home/icaro/.gradle/wrapper/dists/gradle-2.14.1-all/8bnwg5hd3w55iofp58khbp6yv/gradle-2.14.1/lib/gradle-wrapper-2.14.1.jar
7fdc92559000-7fdc92567000 r--s 0004f000 08:16 63070                      /home/icaro/.gradle/wrapper/dists/gradle-2.14.1-all/8bnwg5hd3w55iofp58khbp6yv/gradle-2.14.1/lib/gradle-tooling-api-2.14.1.jar
7fdc92567000-7fdc92569000 r--s 00002000 08:16 63090                      /home/icaro/.gradle/wrapper/dists/gradle-2.14.1-all/8bnwg5hd3w55iofp58khbp6yv/gradle-2.14.1/lib/gradle-open-api-2.14.1.jar
7fdc92569000-7fdc9256f000 r--s 00032000 08:16 63092                      /home/icaro/.gradle/wrapper/dists/gradle-2.14.1-all/8bnwg5hd3w55iofp58khbp6yv/gradle-2.14.1/lib/jaxen-1.1.jar
7fdc9256f000-7fdc92574000 r--s 00048000 08:16 63091                      /home/icaro/.gradle/wrapper/dists/gradle-2.14.1-all/8bnwg5hd3w55iofp58khbp6yv/gradle-2.14.1/lib/dom4j-1.6.1.jar
7fdc92574000-7fdc9257f000 r--s 00059000 08:16 63069                      /home/icaro/.gradle/wrapper/dists/gradle-2.14.1-all/8bnwg5hd3w55iofp58khbp6yv/gradle-2.14.1/lib/gradle-ui-2.14.1.jar
7fdc9257f000-7fdc92582000 r--s 0000b000 08:16 63088                      /home/icaro/.gradle/wrapper/dists/gradle-2.14.1-all/8bnwg5hd3w55iofp58khbp6yv/gradle-2.14.1/lib/gradle-resources-2.14.1.jar
7fdc92582000-7fdc92584000 r--s 00003000 08:16 63100                      /home/icaro/.gradle/wrapper/dists/gradle-2.14.1-all/8bnwg5hd3w55iofp58khbp6yv/gradle-2.14.1/lib/jcl-over-slf4j-1.7.10.jar
7fdc92584000-7fdc92585000 r--s 00005000 08:16 63099                      /home/icaro/.gradle/wrapper/dists/gradle-2.14.1-all/8bnwg5hd3w55iofp58khbp6yv/gradle-2.14.1/lib/log4j-over-slf4j-1.7.10.jar
7fdc92585000-7fdc92587000 r--s 00000000 08:16 63098                      /home/icaro/.gradle/wrapper/dists/gradle-2.14.1-all/8bnwg5hd3w55iofp58khbp6yv/gradle-2.14.1/lib/jul-to-slf4j-1.7.10.jar
7fdc92587000-7fdc9258c000 r--s 0001c000 08:16 63087                      /home/icaro/.gradle/wrapper/dists/gradle-2.14.1-all/8bnwg5hd3w55iofp58khbp6yv/gradle-2.14.1/lib/gradle-logging-2.14.1.jar
7fdc9258c000-7fdc9258e000 r--s 00007000 08:16 63111                      /home/icaro/.gradle/wrapper/dists/gradle-2.14.1-all/8bnwg5hd3w55iofp58khbp6yv/gradle-2.14.1/lib/objenesis-1.2.jar
7fdc9258e000-7fdc92590000 r--s 00000000 08:16 63110                      /home/icaro/.gradle/wrapper/dists/gradle-2.14.1-all/8bnwg5hd3w55iofp58khbp6yv/gradle-2.14.1/lib/minlog-1.2.jar
7fdc92590000-7fdc92592000 r--s 0000f000 08:16 63109                      /home/icaro/.gradle/wrapper/dists/gradle-2.14.1-all/8bnwg5hd3w55iofp58khbp6yv/gradle-2.14.1/lib/reflectasm-1.07-shaded.jar
7fdc92592000-7fdc92596000 r--s 00026000 08:16 63097                      /home/icaro/.gradle/wrapper/dists/gradle-2.14.1-all/8bnwg5hd3w55iofp58khbp6yv/gradle-2.14.1/lib/kryo-2.20.jar
7fdc92596000-7fdc9259c000 r--s 00025000 08:16 63086                      /home/icaro/.gradle/wrapper/dists/gradle-2.14.1-all/8bnwg5hd3w55iofp58khbp6yv/gradle-2.14.1/lib/gradle-messaging-2.14.1.jar
7fdc9259c000-7fdc9259d000 r--s 00003000 08:16 63108                      /home/icaro/.gradle/wrapper/dists/gradle-2.14.1-all/8bnwg5hd3w55iofp58khbp6yv/gradle-2.14.1/lib/native-platform-freebsd-amd64-0.10.jar
7fdc9259d000-7fdc9259e000 r--s 00003000 08:16 63107                      /home/icaro/.gradle/wrapper/dists/gradle-2.14.1-all/8bnwg5hd3w55iofp58khbp6yv/gradle-2.14.1/lib/native-platform-freebsd-i386-0.10.jar
7fdc9259e000-7fdc9259f000 r--s 00005000 08:16 63106                      /home/icaro/.gradle/wrapper/dists/gradle-2.14.1-all/8bnwg5hd3w55iofp58khbp6yv/gradle-2.14.1/lib/native-platform-windows-i386-0.10.jar
7fdc9259f000-7fdc925a0000 r--s 00005000 08:16 63105                      /home/icaro/.gradle/wrapper/dists/gradle-2.14.1-all/8bnwg5hd3w55iofp58khbp6yv/gradle-2.14.1/lib/native-platform-windows-amd64-0.10.jar
7fdc925a0000-7fdc925a1000 r--s 00003000 08:16 63104                      /home/icaro/.gradle/wrapper/dists/gradle-2.14.1-all/8bnwg5hd3w55iofp58khbp6yv/gradle-2.14.1/lib/native-platform-linux-i386-0.10.jar
7fdc925a1000-7fdc925a2000 r--s 00003000 08:16 63103                      /home/icaro/.gradle/wrapper/dists/gradle-2.14.1-all/8bnwg5hd3w55iofp58khbp6yv/gradle-2.14.1/lib/native-platform-linux-amd64-0.10.jar
7fdc925a2000-7fdc925a3000 r--s 00002000 08:16 63102                      /home/icaro/.gradle/wrapper/dists/gradle-2.14.1-all/8bnwg5hd3w55iofp58khbp6yv/gradle-2.14.1/lib/native-platform-osx-amd64-0.10.jar
7fdc925a3000-7fdc925a4000 r--s 00002000 08:16 63101                      /home/icaro/.gradle/wrapper/dists/gradle-2.14.1-all/8bnwg5hd3w55iofp58khbp6yv/gradle-2.14.1/lib/native-platform-osx-i386-0.10.jar
7fdc925a4000-7fdc925a6000 r--s 00008000 08:16 63095                      /home/icaro/.gradle/wrapper/dists/gradle-2.14.1-all/8bnwg5hd3w55iofp58khbp6yv/gradle-2.14.1/lib/jansi-1.2.1.jar
7fdc925a6000-7fdc925a9000 r--s 0000d000 08:16 63094                      /home/icaro/.gradle/wrapper/dists/gradle-2.14.1-all/8bnwg5hd3w55iofp58khbp6yv/gradle-2.14.1/lib/native-platform-0.10.jar
7fdc925a9000-7fdc925ad000 r--s 000e4000 08:16 63093                      /home/icaro/.gradle/wrapper/dists/gradle-2.14.1-all/8bnwg5hd3w55iofp58khbp6yv/gradle-2.14.1/lib/jna-3.2.7.jar
7fdc925ad000-7fdc925af000 r--s 00009000 08:16 63071                      /home/icaro/.gradle/wrapper/dists/gradle-2.14.1-all/8bnwg5hd3w55iofp58khbp6yv/gradle-2.14.1/lib/gradle-native-2.14.1.jar
7fdc925af000-7fdc925b1000 r--s 00005000 08:16 63068                      /home/icaro/.gradle/wrapper/dists/gradle-2.14.1-all/8bnwg5hd3w55iofp58khbp6yv/gradle-2.14.1/lib/gradle-cli-2.14.1.jar
7fdc925b1000-7fdc925c0000 r--s 00080000 08:16 63077                      /home/icaro/.gradle/wrapper/dists/gradle-2.14.1-all/8bnwg5hd3w55iofp58khbp6yv/gradle-2.14.1/lib/gradle-model-core-2.14.1.jar
7fdc925c0000-7fdc925cd000 r--s 00083000 08:16 63081                      /home/icaro/.gradle/wrapper/dists/gradle-2.14.1-all/8bnwg5hd3w55iofp58khbp6yv/gradle-2.14.1/lib/commons-collections-3.2.2.jar
7fdc925cd000-7fdc925d2000 r--s 00038000 08:16 63079                      /home/icaro/.gradle/wrapper/dists/gradle-2.14.1-all/8bnwg5hd3w55iofp58khbp6yv/gradle-2.14.1/lib/asm-all-5.1.jar
7fdc925d2000-7fdc92641000 r--s 0063e000 08:16 63076                      /home/icaro/.gradle/wrapper/dists/gradle-2.14.1-all/8bnwg5hd3w55iofp58khbp6yv/gradle-2.14.1/lib/groovy-all-2.4.4.jar
7fdc92641000-7fdc92669000 r--s 001cf000 08:16 63073                      /home/icaro/.gradle/wrapper/dists/gradle-2.14.1-all/8bnwg5hd3w55iofp58khbp6yv/gradle-2.14.1/lib/guava-jdk5-17.0.jar
7fdc92669000-7fdc92688000 r--s 001d1000 08:16 63080                      /home/icaro/.gradle/wrapper/dists/gradle-2.14.1-all/8bnwg5hd3w55iofp58khbp6yv/gradle-2.14.1/lib/ant-1.9.6.jar
7fdc92688000-7fdc926bf000 r--s 001bd000 08:16 63067                      /home/icaro/.gradle/wrapper/dists/gradle-2.14.1-all/8bnwg5hd3w55iofp58khbp6yv/gradle-2.14.1/lib/gradle-core-2.14.1.jar
7fdc926bf000-7fdc926ca000 r--s 00051000 08:16 63062                      /home/icaro/.gradle/wrapper/dists/gradle-2.14.1-all/8bnwg5hd3w55iofp58khbp6yv/gradle-2.14.1/lib/gradle-launcher-2.14.1.jar
7fdc926ca000-7fdc926e5000 r--s 001d7000 08:16 1451401                    /usr/lib/jvm/java-8-openjdk-amd64/jre/lib/ext/nashorn.jar
7fdc926e5000-7fdc926e6000 ---p 00000000 00:00 0 
7fdc926e6000-7fdc927e6000 rw-p 00000000 00:00 0 
7fdc927e6000-7fdc927e9000 ---p 00000000 00:00 0 
7fdc927e9000-7fdc928e7000 rw-p 00000000 00:00 0 
7fdc928e7000-7fdc928ea000 ---p 00000000 00:00 0 
7fdc928ea000-7fdc929e8000 rw-p 00000000 00:00 0 
7fdc929e8000-7fdc929eb000 ---p 00000000 00:00 0 
7fdc929eb000-7fdc92ae9000 rw-p 00000000 00:00 0 
7fdc92ae9000-7fdc92aec000 ---p 00000000 00:00 0 
7fdc92aec000-7fdc92bea000 rw-p 00000000 00:00 0 
7fdc92bea000-7fdc92eb5000 r--p 00000000 08:16 2886977                    /usr/lib/locale/locale-archive
7fdc92eb5000-7fdc92eb8000 ---p 00000000 00:00 0 
7fdc92eb8000-7fdc92fb6000 rw-p 00000000 00:00 0 
7fdc92fb6000-7fdc92fb9000 ---p 00000000 00:00 0 
7fdc92fb9000-7fdc930b7000 rw-p 00000000 00:00 0 
7fdc930b7000-7fdc930b8000 ---p 00000000 00:00 0 
7fdc930b8000-7fdc94000000 rw-p 00000000 00:00 0 
7fdc94000000-7fdc94356000 rw-p 00000000 00:00 0 
7fdc94356000-7fdc98000000 ---p 00000000 00:00 0 
7fdc98000000-7fdc98002000 r--s 00007000 08:16 63078                      /home/icaro/.gradle/wrapper/dists/gradle-2.14.1-all/8bnwg5hd3w55iofp58khbp6yv/gradle-2.14.1/lib/gradle-model-groovy-2.14.1.jar
7fdc98002000-7fdc98003000 r--s 00006000 08:16 63085                      /home/icaro/.gradle/wrapper/dists/gradle-2.14.1-all/8bnwg5hd3w55iofp58khbp6yv/gradle-2.14.1/lib/gradle-base-services-groovy-2.14.1.jar
7fdc98003000-7fdc98004000 r--s 00002000 08:16 63089                      /home/icaro/.gradle/wrapper/dists/gradle-2.14.1-all/8bnwg5hd3w55iofp58khbp6yv/gradle-2.14.1/lib/gradle-docs-2.14.1.jar
7fdc98004000-7fdc98020000 r--s 00393000 08:16 1451403                    /usr/lib/jvm/java-8-openjdk-amd64/jre/lib/ext/cldrdata.jar
7fdc98020000-7fdc98370000 rw-p 00000000 00:00 0 
7fdc98370000-7fdc9853e000 r--s 03beb000 08:16 1315208                    /usr/lib/jvm/java-8-openjdk-amd64/jre/lib/rt.jar
7fdc9853e000-7fdc9883e000 rw-p 00000000 00:00 0 
7fdc9883e000-7fdc9883f000 ---p 00000000 00:00 0 
7fdc9883f000-7fdc9893f000 rw-p 00000000 00:00 0 
7fdc9893f000-7fdc98940000 ---p 00000000 00:00 0 
7fdc98940000-7fdc98c40000 rw-p 00000000 00:00 0 
7fdc98c40000-7fdc98d64000 rw-p 00000000 00:00 0 
7fdc98d64000-7fdc99000000 ---p 00000000 00:00 0 
7fdc99000000-7fdc9d900000 rwxp 00000000 00:00 0 
7fdc9d900000-7fdca8000000 ---p 00000000 00:00 0 
7fdca8000000-7fdca8b98000 rw-p 00000000 00:00 0 
7fdca8b98000-7fdcac000000 ---p 00000000 00:00 0 
7fdcac000000-7fdcac004000 r--s 00027000 08:16 63082                      /home/icaro/.gradle/wrapper/dists/gradle-2.14.1-all/8bnwg5hd3w55iofp58khbp6yv/gradle-2.14.1/lib/commons-io-2.2.jar
7fdcac004000-7fdcac009000 r--s 00041000 08:16 63074                      /home/icaro/.gradle/wrapper/dists/gradle-2.14.1-all/8bnwg5hd3w55iofp58khbp6yv/gradle-2.14.1/lib/commons-lang-2.6.jar
7fdcac009000-7fdcac27f000 rw-p 00000000 00:00 0 
7fdcac27f000-7fdcac375000 rw-p 00000000 00:00 0 
7fdcac375000-7fdcac37f000 ---p 00000000 00:00 0 
7fdcac37f000-7fdcac380000 rw-p 00000000 00:00 0 
7fdcac380000-7fdcac388000 r-xp 00000000 08:16 1451371                    /usr/lib/jvm/java-8-openjdk-amd64/jre/lib/amd64/libzip.so
7fdcac388000-7fdcac587000 ---p 00008000 08:16 1451371                    /usr/lib/jvm/java-8-openjdk-amd64/jre/lib/amd64/libzip.so
7fdcac587000-7fdcac588000 r--p 00007000 08:16 1451371                    /usr/lib/jvm/java-8-openjdk-amd64/jre/lib/amd64/libzip.so
7fdcac588000-7fdcac589000 rw-p 00008000 08:16 1451371                    /usr/lib/jvm/java-8-openjdk-amd64/jre/lib/amd64/libzip.so
7fdcac589000-7fdcac593000 r-xp 00000000 08:16 131579                     /lib/x86_64-linux-gnu/libnss_files-2.21.so
7fdcac593000-7fdcac793000 ---p 0000a000 08:16 131579                     /lib/x86_64-linux-gnu/libnss_files-2.21.so
7fdcac793000-7fdcac794000 r--p 0000a000 08:16 131579                     /lib/x86_64-linux-gnu/libnss_files-2.21.so
7fdcac794000-7fdcac795000 rw-p 0000b000 08:16 131579                     /lib/x86_64-linux-gnu/libnss_files-2.21.so
7fdcac795000-7fdcac7a0000 r-xp 00000000 08:16 131642                     /lib/x86_64-linux-gnu/libnss_nis-2.21.so
7fdcac7a0000-7fdcac99f000 ---p 0000b000 08:16 131642                     /lib/x86_64-linux-gnu/libnss_nis-2.21.so
7fdcac99f000-7fdcac9a0000 r--p 0000a000 08:16 131642                     /lib/x86_64-linux-gnu/libnss_nis-2.21.so
7fdcac9a0000-7fdcac9a1000 rw-p 0000b000 08:16 131642                     /lib/x86_64-linux-gnu/libnss_nis-2.21.so
7fdcac9a1000-7fdcac9b8000 r-xp 00000000 08:16 131654                     /lib/x86_64-linux-gnu/libnsl-2.21.so
7fdcac9b8000-7fdcacbb7000 ---p 00017000 08:16 131654                     /lib/x86_64-linux-gnu/libnsl-2.21.so
7fdcacbb7000-7fdcacbb8000 r--p 00016000 08:16 131654                     /lib/x86_64-linux-gnu/libnsl-2.21.so
7fdcacbb8000-7fdcacbb9000 rw-p 00017000 08:16 131654                     /lib/x86_64-linux-gnu/libnsl-2.21.so
7fdcacbb9000-7fdcacbbb000 rw-p 00000000 00:00 0 
7fdcacbbb000-7fdcacbc3000 r-xp 00000000 08:16 131587                     /lib/x86_64-linux-gnu/libnss_compat-2.21.so
7fdcacbc3000-7fdcacdc2000 ---p 00008000 08:16 131587                     /lib/x86_64-linux-gnu/libnss_compat-2.21.so
7fdcacdc2000-7fdcacdc3000 r--p 00007000 08:16 131587                     /lib/x86_64-linux-gnu/libnss_compat-2.21.so
7fdcacdc3000-7fdcacdc4000 rw-p 00008000 08:16 131587                     /lib/x86_64-linux-gnu/libnss_compat-2.21.so
7fdcacdc4000-7fdcacdf1000 r-xp 00000000 08:16 1445656                    /usr/lib/jvm/java-8-openjdk-amd64/jre/lib/amd64/libjava.so
7fdcacdf1000-7fdcacff0000 ---p 0002d000 08:16 1445656                    /usr/lib/jvm/java-8-openjdk-amd64/jre/lib/amd64/libjava.so
7fdcacff0000-7fdcacff1000 r--p 0002c000 08:16 1445656                    /usr/lib/jvm/java-8-openjdk-amd64/jre/lib/amd64/libjava.so
7fdcacff1000-7fdcacff3000 rw-p 0002d000 08:16 1445656                    /usr/lib/jvm/java-8-openjdk-amd64/jre/lib/amd64/libjava.so
7fdcacff3000-7fdcad002000 r-xp 00000000 08:16 1445657                    /usr/lib/jvm/java-8-openjdk-amd64/jre/lib/amd64/libverify.so
7fdcad002000-7fdcad201000 ---p 0000f000 08:16 1445657                    /usr/lib/jvm/java-8-openjdk-amd64/jre/lib/amd64/libverify.so
7fdcad201000-7fdcad203000 r--p 0000e000 08:16 1445657                    /usr/lib/jvm/java-8-openjdk-amd64/jre/lib/amd64/libverify.so
7fdcad203000-7fdcad204000 rw-p 00010000 08:16 1445657                    /usr/lib/jvm/java-8-openjdk-amd64/jre/lib/amd64/libverify.so
7fdcad204000-7fdcad20b000 r-xp 00000000 08:16 131583                     /lib/x86_64-linux-gnu/librt-2.21.so
7fdcad20b000-7fdcad40a000 ---p 00007000 08:16 131583                     /lib/x86_64-linux-gnu/librt-2.21.so
7fdcad40a000-7fdcad40b000 r--p 00006000 08:16 131583                     /lib/x86_64-linux-gnu/librt-2.21.so
7fdcad40b000-7fdcad40c000 rw-p 00007000 08:16 131583                     /lib/x86_64-linux-gnu/librt-2.21.so
7fdcad40c000-7fdcad422000 r-xp 00000000 08:16 135263                     /lib/x86_64-linux-gnu/libgcc_s.so.1
7fdcad422000-7fdcad621000 ---p 00016000 08:16 135263                     /lib/x86_64-linux-gnu/libgcc_s.so.1
7fdcad621000-7fdcad622000 r--p 00015000 08:16 135263                     /lib/x86_64-linux-gnu/libgcc_s.so.1
7fdcad622000-7fdcad623000 rw-p 00016000 08:16 135263                     /lib/x86_64-linux-gnu/libgcc_s.so.1
7fdcad623000-7fdcad72a000 r-xp 00000000 08:16 131595                     /lib/x86_64-linux-gnu/libm-2.21.so
7fdcad72a000-7fdcad929000 ---p 00107000 08:16 131595                     /lib/x86_64-linux-gnu/libm-2.21.so
7fdcad929000-7fdcad92a000 r--p 00106000 08:16 131595                     /lib/x86_64-linux-gnu/libm-2.21.so
7fdcad92a000-7fdcad92b000 rw-p 00107000 08:16 131595                     /lib/x86_64-linux-gnu/libm-2.21.so
7fdcad92b000-7fdcada9e000 r-xp 00000000 08:16 2889937                    /usr/lib/x86_64-linux-gnu/libstdc++.so.6.0.21
7fdcada9e000-7fdcadc9d000 ---p 00173000 08:16 2889937                    /usr/lib/x86_64-linux-gnu/libstdc++.so.6.0.21
7fdcadc9d000-7fdcadca7000 r--p 00172000 08:16 2889937                    /usr/lib/x86_64-linux-gnu/libstdc++.so.6.0.21
7fdcadca7000-7fdcadca9000 rw-p 0017c000 08:16 2889937                    /usr/lib/x86_64-linux-gnu/libstdc++.so.6.0.21
7fdcadca9000-7fdcadcad000 rw-p 00000000 00:00 0 
7fdcadcad000-7fdcae8f4000 r-xp 00000000 08:16 1451368                    /usr/lib/jvm/java-8-openjdk-amd64/jre/lib/amd64/server/libjvm.so
7fdcae8f4000-7fdcaeaf4000 ---p 00c47000 08:16 1451368                    /usr/lib/jvm/java-8-openjdk-amd64/jre/lib/amd64/server/libjvm.so
7fdcaeaf4000-7fdcaeb87000 r--p 00c47000 08:16 1451368                    /usr/lib/jvm/java-8-openjdk-amd64/jre/lib/amd64/server/libjvm.so
7fdcaeb87000-7fdcaebaf000 rw-p 00cda000 08:16 1451368                    /usr/lib/jvm/java-8-openjdk-amd64/jre/lib/amd64/server/libjvm.so
7fdcaebaf000-7fdcaebdf000 rw-p 00000000 00:00 0 
7fdcaebdf000-7fdcaebf7000 r-xp 00000000 08:16 131600                     /lib/x86_64-linux-gnu/libpthread-2.21.so
7fdcaebf7000-7fdcaedf7000 ---p 00018000 08:16 131600                     /lib/x86_64-linux-gnu/libpthread-2.21.so
7fdcaedf7000-7fdcaedf8000 r--p 00018000 08:16 131600                     /lib/x86_64-linux-gnu/libpthread-2.21.so
7fdcaedf8000-7fdcaedf9000 rw-p 00019000 08:16 131600                     /lib/x86_64-linux-gnu/libpthread-2.21.so
7fdcaedf9000-7fdcaedfd000 rw-p 00000000 00:00 0 
7fdcaedfd000-7fdcaee00000 r-xp 00000000 08:16 131612                     /lib/x86_64-linux-gnu/libdl-2.21.so
7fdcaee00000-7fdcaefff000 ---p 00003000 08:16 131612                     /lib/x86_64-linux-gnu/libdl-2.21.so
7fdcaefff000-7fdcaf000000 r--p 00002000 08:16 131612                     /lib/x86_64-linux-gnu/libdl-2.21.so
7fdcaf000000-7fdcaf001000 rw-p 00003000 08:16 131612                     /lib/x86_64-linux-gnu/libdl-2.21.so
7fdcaf001000-7fdcaf01a000 r-xp 00000000 08:16 132141                     /lib/x86_64-linux-gnu/libz.so.1.2.8
7fdcaf01a000-7fdcaf219000 ---p 00019000 08:16 132141                     /lib/x86_64-linux-gnu/libz.so.1.2.8
7fdcaf219000-7fdcaf21a000 r--p 00018000 08:16 132141                     /lib/x86_64-linux-gnu/libz.so.1.2.8
7fdcaf21a000-7fdcaf21b000 rw-p 00019000 08:16 132141                     /lib/x86_64-linux-gnu/libz.so.1.2.8
7fdcaf21b000-7fdcaf3db000 r-xp 00000000 08:16 131666                     /lib/x86_64-linux-gnu/libc-2.21.so
7fdcaf3db000-7fdcaf5db000 ---p 001c0000 08:16 131666                     /lib/x86_64-linux-gnu/libc-2.21.so
7fdcaf5db000-7fdcaf5df000 r--p 001c0000 08:16 131666                     /lib/x86_64-linux-gnu/libc-2.21.so
7fdcaf5df000-7fdcaf5e1000 rw-p 001c4000 08:16 131666                     /lib/x86_64-linux-gnu/libc-2.21.so
7fdcaf5e1000-7fdcaf5e5000 rw-p 00000000 00:00 0 
7fdcaf5e5000-7fdcaf5f2000 r-xp 00000000 08:16 1451384                    /usr/lib/jvm/java-8-openjdk-amd64/jre/lib/amd64/jli/libjli.so
7fdcaf5f2000-7fdcaf7f2000 ---p 0000d000 08:16 1451384                    /usr/lib/jvm/java-8-openjdk-amd64/jre/lib/amd64/jli/libjli.so
7fdcaf7f2000-7fdcaf7f3000 r--p 0000d000 08:16 1451384                    /usr/lib/jvm/java-8-openjdk-amd64/jre/lib/amd64/jli/libjli.so
7fdcaf7f3000-7fdcaf7f4000 rw-p 0000e000 08:16 1451384                    /usr/lib/jvm/java-8-openjdk-amd64/jre/lib/amd64/jli/libjli.so
7fdcaf7f4000-7fdcaf818000 r-xp 00000000 08:16 131658                     /lib/x86_64-linux-gnu/ld-2.21.so
7fdcaf818000-7fdcaf819000 r--s 00000000 08:16 63084                      /home/icaro/.gradle/wrapper/dists/gradle-2.14.1-all/8bnwg5hd3w55iofp58khbp6yv/gradle-2.14.1/lib/javax.inject-1.jar
7fdcaf819000-7fdcaf821000 r--s 0003a000 08:16 63065                      /home/icaro/.gradle/wrapper/dists/gradle-2.14.1-all/8bnwg5hd3w55iofp58khbp6yv/gradle-2.14.1/lib/gradle-base-services-2.14.1.jar
7fdcaf821000-7fdcaf82b000 r--s 00116000 08:16 1451409                    /usr/lib/jvm/java-8-openjdk-amd64/jre/lib/ext/localedata.jar
7fdcaf82b000-7fdcaf8ed000 rw-p 00000000 00:00 0 
7fdcaf8ed000-7fdcaf8f0000 ---p 00000000 00:00 0 
7fdcaf8f0000-7fdcaf9f3000 rw-p 00000000 00:00 0 
7fdcaf9f3000-7fdcaf9f4000 r--s 00000000 08:16 63083                      /home/icaro/.gradle/wrapper/dists/gradle-2.14.1-all/8bnwg5hd3w55iofp58khbp6yv/gradle-2.14.1/lib/jcip-annotations-1.0.jar
7fdcaf9f4000-7fdcaf9f5000 r--s 00001000 08:16 63075                      /home/icaro/.gradle/wrapper/dists/gradle-2.14.1-all/8bnwg5hd3w55iofp58khbp6yv/gradle-2.14.1/lib/gradle-process-services-2.14.1.jar
7fdcaf9f5000-7fdcaf9f6000 r--s 00000000 08:16 63066                      /home/icaro/.gradle/wrapper/dists/gradle-2.14.1-all/8bnwg5hd3w55iofp58khbp6yv/gradle-2.14.1/lib/gradle-jvm-services-2.14.1.jar
7fdcaf9f6000-7fdcaf9f7000 r--s 00007000 08:16 63072                      /home/icaro/.gradle/wrapper/dists/gradle-2.14.1-all/8bnwg5hd3w55iofp58khbp6yv/gradle-2.14.1/lib/slf4j-api-1.7.10.jar
7fdcaf9f7000-7fdcaf9f8000 r--s 00004000 08:16 63096                      /home/icaro/.gradle/wrapper/dists/gradle-2.14.1-all/8bnwg5hd3w55iofp58khbp6yv/gradle-2.14.1/lib/ant-launcher-1.9.6.jar
7fdcaf9f8000-7fdcaf9fd000 r--s 0003b000 08:16 1451407                    /usr/lib/jvm/java-8-openjdk-amd64/jre/lib/ext/sunjce_provider.jar
7fdcaf9fd000-7fdcaf9ff000 r--s 00001000 08:16 1451402                    /usr/lib/jvm/java-8-openjdk-amd64/jre/lib/ext/dnsns.jar
7fdcaf9ff000-7fdcafa02000 r--s 0000f000 08:16 1451408                    /usr/lib/jvm/java-8-openjdk-amd64/jre/lib/ext/icedtea-sound.jar
7fdcafa02000-7fdcafa03000 r--s 00010000 08:16 1451406                    /usr/lib/jvm/java-8-openjdk-amd64/jre/lib/ext/zipfs.jar
7fdcafa03000-7fdcafa04000 r--s 0000a000 08:16 1451405                    /usr/lib/jvm/java-8-openjdk-amd64/jre/lib/ext/jaccess.jar
7fdcafa04000-7fdcafa05000 r--s 00008000 08:16 1451404                    /usr/lib/jvm/java-8-openjdk-amd64/jre/lib/ext/sunec.jar
7fdcafa05000-7fdcafa09000 r--s 00037000 08:16 1451410                    /usr/lib/jvm/java-8-openjdk-amd64/jre/lib/ext/sunpkcs11.jar
7fdcafa09000-7fdcafa0b000 r--s 00007000 08:16 3280346                    /usr/share/java/java-atk-wrapper.jar
7fdcafa0b000-7fdcafa13000 rw-s 00000000 08:16 486241                     /tmp/hsperfdata_icaro/25020
7fdcafa13000-7fdcafa14000 rw-p 00000000 00:00 0 
7fdcafa14000-7fdcafa15000 ---p 00000000 00:00 0 
7fdcafa15000-7fdcafa17000 rw-p 00000000 00:00 0 
7fdcafa17000-7fdcafa18000 r--p 00023000 08:16 131658                     /lib/x86_64-linux-gnu/ld-2.21.so
7fdcafa18000-7fdcafa19000 rw-p 00024000 08:16 131658                     /lib/x86_64-linux-gnu/ld-2.21.so
7fdcafa19000-7fdcafa1a000 rw-p 00000000 00:00 0 
7ffd48a99000-7ffd48aba000 rw-p 00000000 00:00 0                          [stack]
7ffd48b97000-7ffd48b99000 r--p 00000000 00:00 0                          [vvar]
7ffd48b99000-7ffd48b9b000 r-xp 00000000 00:00 0                          [vdso]
ffffffffff600000-ffffffffff601000 r-xp 00000000 00:00 0                  [vsyscall]

VM Arguments:
jvm_args: -Xmx1536m -Dfile.encoding=UTF-8 -Duser.country=BR -Duser.language=pt -Duser.variant 
java_command: org.gradle.launcher.daemon.bootstrap.GradleDaemon 2.14.1
java_class_path (initial): /home/icaro/.gradle/wrapper/dists/gradle-2.14.1-all/8bnwg5hd3w55iofp58khbp6yv/gradle-2.14.1/lib/gradle-launcher-2.14.1.jar
Launcher Type: SUN_STANDARD

Environment Variables:
PATH=/home/icaro/.local/share/umake/bin:/usr/local/sbin:/usr/local/bin:/usr/sbin:/usr/bin:/sbin:/bin:/usr/games:/usr/local/games:/opt/android-sdk-linux/tools:/opt/android-sdk-linux/platform-tools
LD_LIBRARY_PATH=/home/icaro/.local/share/umake/android/android-studio/bin:
SHELL=/bin/bash
DISPLAY=:0

Signal Handlers:
SIGSEGV: [libjvm.so+0xa5fbc0], sa_mask[0]=11111111011111111101111111111110, sa_flags=SA_RESTART|SA_SIGINFO
SIGBUS: [libjvm.so+0xa5fbc0], sa_mask[0]=11111111011111111101111111111110, sa_flags=SA_RESTART|SA_SIGINFO
SIGFPE: [libjvm.so+0x8aaed0], sa_mask[0]=11111111011111111101111111111110, sa_flags=SA_RESTART|SA_SIGINFO
SIGPIPE: [libjvm.so+0x8aaed0], sa_mask[0]=11111111011111111101111111111110, sa_flags=SA_RESTART|SA_SIGINFO
SIGXFSZ: [libjvm.so+0x8aaed0], sa_mask[0]=11111111011111111101111111111110, sa_flags=SA_RESTART|SA_SIGINFO
SIGILL: [libjvm.so+0x8aaed0], sa_mask[0]=11111111011111111101111111111110, sa_flags=SA_RESTART|SA_SIGINFO
SIGUSR1: SIG_DFL, sa_mask[0]=00000000000000000000000000000000, sa_flags=none
SIGUSR2: [libjvm.so+0x8aad80], sa_mask[0]=00100000000000000000000000000000, sa_flags=SA_RESTART|SA_SIGINFO
SIGHUP: [libjvm.so+0x8ab250], sa_mask[0]=11111111011111111101111111111110, sa_flags=SA_RESTART|SA_SIGINFO
SIGINT: [libjvm.so+0x8ab250], sa_mask[0]=11111111011111111101111111111110, sa_flags=SA_RESTART|SA_SIGINFO
SIGTERM: [libjvm.so+0x8ab250], sa_mask[0]=11111111011111111101111111111110, sa_flags=SA_RESTART|SA_SIGINFO
SIGQUIT: [libjvm.so+0x8ab250], sa_mask[0]=11111111011111111101111111111110, sa_flags=SA_RESTART|SA_SIGINFO


---------------  S Y S T E M  ---------------

OS:DISTRIB_ID=Ubuntu
DISTRIB_RELEASE=15.10
DISTRIB_CODENAME=wily
DISTRIB_DESCRIPTION="Ubuntu 15.10"

uname:Linux 4.2.0-42-generic #49-Ubuntu SMP Tue Jun 28 21:26:26 UTC 2016 x86_64
libc:glibc 2.21 NPTL 2.21 
rlimit: STACK 8192k, CORE 0k, NPROC 15665, NOFILE 65536, AS infinity
load average:3,41 2,06 2,35

/proc/meminfo:
MemTotal:        4046468 kB
MemFree:          284864 kB
MemAvailable:     255444 kB
Buffers:            4060 kB
Cached:            62952 kB
SwapCached:       368980 kB
Active:          2112924 kB
Inactive:         748576 kB
Active(anon):    2080552 kB
Inactive(anon):   715096 kB
Active(file):      32372 kB
Inactive(file):    33480 kB
Unevictable:         132 kB
Mlocked:             132 kB
SwapTotal:       7829500 kB
SwapFree:        5822492 kB
Dirty:               428 kB
Writeback:             0 kB
AnonPages:       2735712 kB
Mapped:           755024 kB
Shmem:              1108 kB
Slab:              89780 kB
SReclaimable:      44240 kB
SUnreclaim:        45540 kB
KernelStack:        9536 kB
PageTables:        42172 kB
NFS_Unstable:          0 kB
Bounce:                0 kB
WritebackTmp:          0 kB
CommitLimit:     9852732 kB
Committed_AS:    8768188 kB
VmallocTotal:   34359738367 kB
VmallocUsed:      119980 kB
VmallocChunk:   34359537660 kB
HardwareCorrupted:     0 kB
AnonHugePages:    776192 kB
CmaTotal:              0 kB
CmaFree:               0 kB
HugePages_Total:       0
HugePages_Free:        0
HugePages_Rsvd:        0
HugePages_Surp:        0
Hugepagesize:       2048 kB
DirectMap4k:     1402496 kB
DirectMap2M:     2791424 kB


CPU:total 2 (2 cores per cpu, 1 threads per core) family 6 model 23 stepping 10, cmov, cx8, fxsr, mmx, sse, sse2, sse3, ssse3, sse4.1, tsc

/proc/cpuinfo:
processor	: 0
vendor_id	: GenuineIntel
cpu family	: 6
model		: 23
model name	: Intel(R) Core(TM)2 Duo CPU     E7400  @ 2.80GHz
stepping	: 10
microcode	: 0xa0b
cpu MHz		: 2800.000
cache size	: 3072 KB
physical id	: 0
siblings	: 2
core id		: 0
cpu cores	: 2
apicid		: 0
initial apicid	: 0
fpu		: yes
fpu_exception	: yes
cpuid level	: 13
wp		: yes
flags		: fpu vme de pse tsc msr pae mce cx8 apic sep mtrr pge mca cmov pat pse36 clflush dts acpi mmx fxsr sse sse2 ss ht tm pbe syscall nx lm constant_tsc arch_perfmon pebs bts rep_good nopl aperfmperf pni dtes64 monitor ds_cpl est tm2 ssse3 cx16 xtpr pdcm sse4_1 xsave lahf_lm dtherm
bugs		:
bogomips	: 5586.14
clflush size	: 64
cache_alignment	: 64
address sizes	: 36 bits physical, 48 bits virtual
power management:

processor	: 1
vendor_id	: GenuineIntel
cpu family	: 6
model		: 23
model name	: Intel(R) Core(TM)2 Duo CPU     E7400  @ 2.80GHz
stepping	: 10
microcode	: 0xa0b
cpu MHz		: 2800.000
cache size	: 3072 KB
physical id	: 0
siblings	: 2
core id		: 1
cpu cores	: 2
apicid		: 1
initial apicid	: 1
fpu		: yes
fpu_exception	: yes
cpuid level	: 13
wp		: yes
flags		: fpu vme de pse tsc msr pae mce cx8 apic sep mtrr pge mca cmov pat pse36 clflush dts acpi mmx fxsr sse sse2 ss ht tm pbe syscall nx lm constant_tsc arch_perfmon pebs bts rep_good nopl aperfmperf pni dtes64 monitor ds_cpl est tm2 ssse3 cx16 xtpr pdcm sse4_1 xsave lahf_lm dtherm
bugs		:
bogomips	: 5586.14
clflush size	: 64
cache_alignment	: 64
address sizes	: 36 bits physical, 48 bits virtual
power management:



Memory: 4k page, physical 4046468k(284864k free), swap 7829500k(5822524k free)

vm_info: OpenJDK 64-Bit Server VM (25.91-b14) for linux-amd64 JRE (1.8.0_91-8u91-b14-3ubuntu1~15.10.1-b14), built on Jul 21 2016 04:12:46 by "buildd" with gcc 5.2.1 20151010

time: Fri Oct 14 00:53:08 2016
elapsed time: 9801 seconds (0d 2h 43m 21s)

